<?xml version="1.0" encoding="UTF-8"?>
<coverage generated="1490685003741" clover="3.2.0">
  <project timestamp="1490685003741" name="All files">
    <metrics statements="425" coveredstatements="289" conditionals="130" coveredconditionals="49" methods="196" coveredmethods="107" elements="751" coveredelements="445" complexity="0" loc="425" ncloc="425" packages="9" files="27" classes="27">
      <package name="src">
        <metrics statements="64" coveredstatements="27" conditionals="63" coveredconditionals="6" methods="33" coveredmethods="10"/>
        <file name="mockStore.js" path="/home/johnvoon/Concept/concept/src/mockStore.js">
          <metrics statements="1" coveredstatements="1" conditionals="0" coveredconditionals="0" methods="1" coveredmethods="1"/>
          <line num="5" count="1" type="stmt"/>
        </file>
        <file name="utils.js" path="/home/johnvoon/Concept/concept/src/utils.js">
          <metrics statements="63" coveredstatements="26" conditionals="63" coveredconditionals="6" methods="32" coveredmethods="9"/>
          <line num="9" count="28" type="cond" truecount="2" falsecount="0"/>
          <line num="10" count="21" type="stmt"/>
          <line num="12" count="7" type="stmt"/>
          <line num="19" count="1" type="stmt"/>
          <line num="20" count="4" type="stmt"/>
          <line num="27" count="9" type="cond" truecount="2" falsecount="0"/>
          <line num="28" count="7" type="stmt"/>
          <line num="29" count="71" type="stmt"/>
          <line num="32" count="2" type="stmt"/>
          <line num="33" count="9" type="cond" truecount="1" falsecount="1"/>
          <line num="34" count="9" type="cond" truecount="1" falsecount="1"/>
          <line num="35" count="9" type="stmt"/>
          <line num="41" count="0" type="stmt"/>
          <line num="42" count="0" type="cond" truecount="0" falsecount="2"/>
          <line num="43" count="0" type="cond" truecount="0" falsecount="2"/>
          <line num="44" count="0" type="cond" truecount="0" falsecount="2"/>
          <line num="45" count="0" type="stmt"/>
          <line num="47" count="0" type="cond" truecount="0" falsecount="2"/>
          <line num="48" count="0" type="cond" truecount="0" falsecount="2"/>
          <line num="49" count="0" type="stmt"/>
          <line num="55" count="0" type="stmt"/>
          <line num="56" count="0" type="cond" truecount="0" falsecount="2"/>
          <line num="57" count="0" type="stmt"/>
          <line num="59" count="0" type="stmt"/>
          <line num="67" count="2" type="stmt"/>
          <line num="68" count="2" type="stmt"/>
          <line num="69" count="11" type="stmt"/>
          <line num="70" count="11" type="stmt"/>
          <line num="71" count="11" type="stmt"/>
          <line num="79" count="0" type="stmt"/>
          <line num="83" count="0" type="stmt"/>
          <line num="84" count="0" type="cond" truecount="0" falsecount="2"/>
          <line num="90" count="6" type="stmt"/>
          <line num="91" count="0" type="cond" truecount="0" falsecount="2"/>
          <line num="93" count="6" type="stmt"/>
          <line num="94" count="0" type="cond" truecount="0" falsecount="2"/>
          <line num="96" count="6" type="stmt"/>
          <line num="97" count="0" type="cond" truecount="0" falsecount="4"/>
          <line num="99" count="6" type="stmt"/>
          <line num="100" count="0" type="cond" truecount="0" falsecount="4"/>
          <line num="102" count="6" type="stmt"/>
          <line num="103" count="0" type="cond" truecount="0" falsecount="4"/>
          <line num="106" count="6" type="stmt"/>
          <line num="107" count="0" type="cond" truecount="0" falsecount="4"/>
          <line num="110" count="6" type="stmt"/>
          <line num="111" count="0" type="cond" truecount="0" falsecount="4"/>
          <line num="113" count="6" type="stmt"/>
          <line num="114" count="0" type="stmt"/>
          <line num="116" count="0" type="stmt"/>
          <line num="118" count="0" type="stmt"/>
          <line num="119" count="0" type="cond" truecount="0" falsecount="4"/>
          <line num="121" count="0" type="stmt"/>
          <line num="122" count="0" type="stmt"/>
          <line num="125" count="0" type="cond" truecount="0" falsecount="4"/>
          <line num="127" count="0" type="stmt"/>
          <line num="129" count="0" type="cond" truecount="0" falsecount="4"/>
          <line num="131" count="0" type="stmt"/>
          <line num="136" count="6" type="stmt"/>
          <line num="137" count="0" type="stmt"/>
          <line num="139" count="0" type="stmt"/>
          <line num="141" count="0" type="stmt"/>
          <line num="142" count="0" type="cond" truecount="0" falsecount="4"/>
          <line num="144" count="0" type="stmt"/>
        </file>
      </package>
      <package name="src.Admin">
        <metrics statements="15" coveredstatements="4" conditionals="0" coveredconditionals="0" methods="15" coveredmethods="4"/>
        <file name="actions.js" path="/home/johnvoon/Concept/concept/src/Admin/actions.js">
          <metrics statements="15" coveredstatements="4" conditionals="0" coveredconditionals="0" methods="15" coveredmethods="4"/>
          <line num="20" count="0" type="stmt"/>
          <line num="27" count="0" type="stmt"/>
          <line num="34" count="0" type="stmt"/>
          <line num="41" count="0" type="stmt"/>
          <line num="48" count="0" type="stmt"/>
          <line num="55" count="0" type="stmt"/>
          <line num="62" count="2" type="stmt"/>
          <line num="70" count="2" type="stmt"/>
          <line num="79" count="2" type="stmt"/>
          <line num="88" count="2" type="stmt"/>
          <line num="97" count="0" type="stmt"/>
          <line num="105" count="0" type="stmt"/>
          <line num="112" count="0" type="stmt"/>
          <line num="118" count="0" type="stmt"/>
          <line num="124" count="0" type="stmt"/>
        </file>
      </package>
      <package name="src.App">
        <metrics statements="23" coveredstatements="16" conditionals="11" coveredconditionals="4" methods="13" coveredmethods="9"/>
        <file name="actions.js" path="/home/johnvoon/Concept/concept/src/App/actions.js">
          <metrics statements="2" coveredstatements="2" conditionals="0" coveredconditionals="0" methods="2" coveredmethods="2"/>
          <line num="4" count="4" type="stmt"/>
          <line num="10" count="4" type="stmt"/>
        </file>
        <file name="index.js" path="/home/johnvoon/Concept/concept/src/App/index.js">
          <metrics statements="13" coveredstatements="6" conditionals="6" coveredconditionals="0" methods="8" coveredmethods="4"/>
          <line num="11" count="1" type="stmt"/>
          <line num="12" count="0" type="stmt"/>
          <line num="13" count="0" type="stmt"/>
          <line num="20" count="6" type="stmt"/>
          <line num="22" count="1" type="stmt"/>
          <line num="26" count="1" type="stmt"/>
          <line num="30" count="1" type="stmt"/>
          <line num="36" count="0" type="stmt"/>
          <line num="40" count="0" type="stmt"/>
          <line num="45" count="0" type="stmt"/>
          <line num="46" count="0" type="stmt"/>
          <line num="54" count="0" type="stmt"/>
          <line num="80" count="1" type="stmt"/>
        </file>
        <file name="reducer.js" path="/home/johnvoon/Concept/concept/src/App/reducer.js">
          <metrics statements="8" coveredstatements="8" conditionals="5" coveredconditionals="4" methods="3" coveredmethods="3"/>
          <line num="3" count="1" type="stmt"/>
          <line num="8" count="3" type="cond" truecount="2" falsecount="0"/>
          <line num="10" count="1" type="stmt"/>
          <line num="13" count="1" type="stmt"/>
          <line num="16" count="1" type="stmt"/>
          <line num="20" count="1" type="stmt"/>
          <line num="22" count="1" type="stmt"/>
          <line num="29" count="1" type="stmt"/>
        </file>
      </package>
      <package name="src.Authentication">
        <metrics statements="13" coveredstatements="0" conditionals="0" coveredconditionals="0" methods="13" coveredmethods="0"/>
        <file name="actions.js" path="/home/johnvoon/Concept/concept/src/Authentication/actions.js">
          <metrics statements="13" coveredstatements="0" conditionals="0" coveredconditionals="0" methods="13" coveredmethods="0"/>
          <line num="7" count="0" type="stmt"/>
          <line num="8" count="0" type="stmt"/>
          <line num="13" count="0" type="stmt"/>
          <line num="18" count="0" type="stmt"/>
          <line num="19" count="0" type="stmt"/>
          <line num="21" count="0" type="stmt"/>
          <line num="29" count="0" type="stmt"/>
          <line num="30" count="0" type="stmt"/>
          <line num="38" count="0" type="stmt"/>
          <line num="39" count="0" type="stmt"/>
          <line num="44" count="0" type="stmt"/>
          <line num="51" count="0" type="stmt"/>
          <line num="58" count="0" type="stmt"/>
        </file>
      </package>
      <package name="src.BlogHome">
        <metrics statements="116" coveredstatements="114" conditionals="36" coveredconditionals="28" methods="57" coveredmethods="56"/>
        <file name="actions.js" path="/home/johnvoon/Concept/concept/src/BlogHome/actions.js">
          <metrics statements="6" coveredstatements="6" conditionals="0" coveredconditionals="0" methods="6" coveredmethods="6"/>
          <line num="11" count="4" type="stmt"/>
          <line num="17" count="4" type="stmt"/>
          <line num="24" count="4" type="stmt"/>
          <line num="31" count="4" type="stmt"/>
          <line num="38" count="4" type="stmt"/>
          <line num="45" count="5" type="stmt"/>
        </file>
        <file name="index.js" path="/home/johnvoon/Concept/concept/src/BlogHome/index.js">
          <metrics statements="63" coveredstatements="61" conditionals="18" coveredconditionals="11" methods="32" coveredmethods="31"/>
          <line num="23" count="1" type="stmt"/>
          <line num="24" count="0" type="stmt"/>
          <line num="26" count="0" type="stmt"/>
          <line num="34" count="18" type="stmt"/>
          <line num="36" count="1" type="stmt"/>
          <line num="40" count="1" type="stmt"/>
          <line num="44" count="1" type="stmt"/>
          <line num="48" count="1" type="stmt"/>
          <line num="52" count="1" type="stmt"/>
          <line num="56" count="1" type="stmt"/>
          <line num="60" count="1" type="stmt"/>
          <line num="64" count="1" type="stmt"/>
          <line num="68" count="1" type="stmt"/>
          <line num="74" count="15" type="stmt"/>
          <line num="75" count="15" type="stmt"/>
          <line num="81" count="15" type="stmt"/>
          <line num="82" count="15" type="stmt"/>
          <line num="83" count="15" type="stmt"/>
          <line num="88" count="15" type="stmt"/>
          <line num="90" count="15" type="stmt"/>
          <line num="91" count="15" type="stmt"/>
          <line num="92" count="15" type="stmt"/>
          <line num="96" count="1" type="stmt"/>
          <line num="102" count="1" type="stmt"/>
          <line num="108" count="1" type="stmt"/>
          <line num="114" count="2" type="stmt"/>
          <line num="116" count="2" type="stmt"/>
          <line num="117" count="2" type="stmt"/>
          <line num="118" count="2" type="stmt"/>
          <line num="126" count="1" type="stmt"/>
          <line num="128" count="1" type="stmt"/>
          <line num="129" count="1" type="stmt"/>
          <line num="130" count="1" type="stmt"/>
          <line num="138" count="1" type="stmt"/>
          <line num="140" count="1" type="stmt"/>
          <line num="141" count="1" type="stmt"/>
          <line num="142" count="1" type="stmt"/>
          <line num="150" count="1" type="stmt"/>
          <line num="152" count="1" type="stmt"/>
          <line num="153" count="1" type="stmt"/>
          <line num="154" count="1" type="stmt"/>
          <line num="164" count="26" type="stmt"/>
          <line num="165" count="26" type="stmt"/>
          <line num="167" count="26" type="stmt"/>
          <line num="168" count="26" type="stmt"/>
          <line num="169" count="125" type="stmt"/>
          <line num="176" count="26" type="stmt"/>
          <line num="177" count="50" type="stmt"/>
          <line num="181" count="2" type="stmt"/>
          <line num="185" count="26" type="stmt"/>
          <line num="186" count="78" type="stmt"/>
          <line num="190" count="1" type="stmt"/>
          <line num="194" count="26" type="stmt"/>
          <line num="195" count="100" type="cond" truecount="1" falsecount="1"/>
          <line num="196" count="100" type="stmt"/>
          <line num="201" count="1" type="stmt"/>
          <line num="206" count="26" type="stmt"/>
          <line num="207" count="575" type="stmt"/>
          <line num="212" count="1" type="stmt"/>
          <line num="216" count="26" type="stmt"/>
          <line num="265" count="36" type="stmt"/>
          <line num="273" count="25" type="cond" truecount="2" falsecount="0"/>
          <line num="288" count="1" type="stmt"/>
        </file>
        <file name="reducer.js" path="/home/johnvoon/Concept/concept/src/BlogHome/reducer.js">
          <metrics statements="20" coveredstatements="20" conditionals="10" coveredconditionals="10" methods="8" coveredmethods="8"/>
          <line num="9" count="1" type="stmt"/>
          <line num="19" count="9" type="cond" truecount="7" falsecount="0"/>
          <line num="21" count="1" type="stmt"/>
          <line num="23" count="1" type="stmt"/>
          <line num="25" count="1" type="stmt"/>
          <line num="27" count="1" type="stmt"/>
          <line num="29" count="1" type="stmt"/>
          <line num="31" count="1" type="stmt"/>
          <line num="33" count="2" type="stmt"/>
          <line num="36" count="1" type="stmt"/>
          <line num="40" count="1" type="stmt"/>
          <line num="48" count="1" type="stmt"/>
          <line num="55" count="1" type="stmt"/>
          <line num="65" count="1" type="stmt"/>
          <line num="75" count="1" type="stmt"/>
          <line num="85" count="1" type="stmt"/>
          <line num="95" count="2" type="stmt"/>
          <line num="96" count="2" type="cond" truecount="2" falsecount="0"/>
          <line num="97" count="1" type="stmt"/>
          <line num="104" count="1" type="stmt"/>
        </file>
        <file name="selectors.js" path="/home/johnvoon/Concept/concept/src/BlogHome/selectors.js">
          <metrics statements="27" coveredstatements="27" conditionals="8" coveredconditionals="7" methods="11" coveredmethods="11"/>
          <line num="5" count="2" type="stmt"/>
          <line num="6" count="28" type="stmt"/>
          <line num="8" count="2" type="stmt"/>
          <line num="9" count="6" type="stmt"/>
          <line num="11" count="2" type="stmt"/>
          <line num="13" count="6" type="stmt"/>
          <line num="16" count="2" type="stmt"/>
          <line num="18" count="6" type="stmt"/>
          <line num="21" count="2" type="stmt"/>
          <line num="23" count="6" type="stmt"/>
          <line num="26" count="2" type="stmt"/>
          <line num="28" count="6" type="stmt"/>
          <line num="31" count="2" type="stmt"/>
          <line num="33" count="2" type="stmt"/>
          <line num="36" count="2" type="stmt"/>
          <line num="39" count="5" type="cond" truecount="2" falsecount="0"/>
          <line num="40" count="2" type="stmt"/>
          <line num="41" count="3" type="cond" truecount="2" falsecount="0"/>
          <line num="42" count="1" type="stmt"/>
          <line num="47" count="2" type="cond" truecount="2" falsecount="0"/>
          <line num="48" count="1" type="stmt"/>
          <line num="50" count="10" type="stmt"/>
          <line num="52" count="1" type="cond" truecount="1" falsecount="1"/>
          <line num="53" count="1" type="stmt"/>
          <line num="55" count="10" type="stmt"/>
          <line num="61" count="2" type="stmt"/>
          <line num="64" count="1" type="stmt"/>
        </file>
      </package>
      <package name="src.Entities">
        <metrics statements="75" coveredstatements="31" conditionals="8" coveredconditionals="5" methods="50" coveredmethods="21"/>
        <file name="PostsActions.js" path="/home/johnvoon/Concept/concept/src/Entities/PostsActions.js">
          <metrics statements="31" coveredstatements="31" conditionals="5" coveredconditionals="5" methods="21" coveredmethods="21"/>
          <line num="12" count="2" type="stmt"/>
          <line num="13" count="2" type="stmt"/>
          <line num="15" count="2" type="stmt"/>
          <line num="17" count="2" type="cond" truecount="2" falsecount="0"/>
          <line num="18" count="1" type="stmt"/>
          <line num="23" count="1" type="stmt"/>
          <line num="33" count="1" type="stmt"/>
          <line num="34" count="1" type="stmt"/>
          <line num="36" count="1" type="stmt"/>
          <line num="38" count="1" type="stmt"/>
          <line num="47" count="1" type="stmt"/>
          <line num="48" count="1" type="stmt"/>
          <line num="54" count="1" type="stmt"/>
          <line num="56" count="1" type="stmt"/>
          <line num="65" count="1" type="stmt"/>
          <line num="66" count="1" type="stmt"/>
          <line num="72" count="1" type="stmt"/>
          <line num="73" count="1" type="stmt"/>
          <line num="83" count="1" type="stmt"/>
          <line num="84" count="1" type="stmt"/>
          <line num="89" count="1" type="stmt"/>
          <line num="91" count="1" type="stmt"/>
          <line num="101" count="1" type="stmt"/>
          <line num="102" count="1" type="stmt"/>
          <line num="103" count="1" type="stmt"/>
          <line num="105" count="1" type="stmt"/>
          <line num="106" count="2" type="cond" truecount="2" falsecount="0"/>
          <line num="108" count="1" type="stmt"/>
          <line num="109" count="1" type="stmt"/>
          <line num="118" count="6" type="stmt"/>
          <line num="126" count="3" type="stmt"/>
        </file>
        <file name="PracticeAreasActions.js" path="/home/johnvoon/Concept/concept/src/Entities/PracticeAreasActions.js">
          <metrics statements="20" coveredstatements="0" conditionals="3" coveredconditionals="0" methods="14" coveredmethods="0"/>
          <line num="11" count="0" type="stmt"/>
          <line num="12" count="0" type="stmt"/>
          <line num="14" count="0" type="stmt"/>
          <line num="19" count="0" type="cond" truecount="0" falsecount="2"/>
          <line num="20" count="0" type="stmt"/>
          <line num="25" count="0" type="stmt"/>
          <line num="35" count="0" type="stmt"/>
          <line num="36" count="0" type="stmt"/>
          <line num="38" count="0" type="stmt"/>
          <line num="39" count="0" type="stmt"/>
          <line num="49" count="0" type="stmt"/>
          <line num="50" count="0" type="stmt"/>
          <line num="56" count="0" type="stmt"/>
          <line num="57" count="0" type="stmt"/>
          <line num="68" count="0" type="stmt"/>
          <line num="69" count="0" type="stmt"/>
          <line num="75" count="0" type="stmt"/>
          <line num="76" count="0" type="stmt"/>
          <line num="85" count="0" type="stmt"/>
          <line num="93" count="0" type="stmt"/>
        </file>
        <file name="StaffActions.js" path="/home/johnvoon/Concept/concept/src/Entities/StaffActions.js">
          <metrics statements="24" coveredstatements="0" conditionals="0" coveredconditionals="0" methods="15" coveredmethods="0"/>
          <line num="13" count="0" type="stmt"/>
          <line num="14" count="0" type="stmt"/>
          <line num="16" count="0" type="stmt"/>
          <line num="17" count="0" type="stmt"/>
          <line num="18" count="0" type="stmt"/>
          <line num="19" count="0" type="stmt"/>
          <line num="25" count="0" type="stmt"/>
          <line num="26" count="0" type="stmt"/>
          <line num="33" count="0" type="stmt"/>
          <line num="34" count="0" type="stmt"/>
          <line num="35" count="0" type="stmt"/>
          <line num="36" count="0" type="stmt"/>
          <line num="43" count="0" type="stmt"/>
          <line num="44" count="0" type="stmt"/>
          <line num="51" count="0" type="stmt"/>
          <line num="52" count="0" type="stmt"/>
          <line num="53" count="0" type="stmt"/>
          <line num="54" count="0" type="stmt"/>
          <line num="61" count="0" type="stmt"/>
          <line num="68" count="0" type="stmt"/>
          <line num="75" count="0" type="stmt"/>
          <line num="82" count="0" type="stmt"/>
          <line num="89" count="0" type="stmt"/>
          <line num="96" count="0" type="stmt"/>
        </file>
      </package>
      <package name="src.components">
        <metrics statements="44" coveredstatements="22" conditionals="12" coveredconditionals="6" methods="15" coveredmethods="7"/>
        <file name="DropdownMenu.js" path="/home/johnvoon/Concept/concept/src/components/DropdownMenu.js">
          <metrics statements="3" coveredstatements="3" conditionals="2" coveredconditionals="2" methods="1" coveredmethods="1"/>
          <line num="6" count="76" type="stmt"/>
          <line num="8" count="76" type="stmt"/>
          <line num="32" count="2" type="stmt"/>
        </file>
        <file name="FilterLink.js" path="/home/johnvoon/Concept/concept/src/components/FilterLink.js">
          <metrics statements="3" coveredstatements="3" conditionals="2" coveredconditionals="2" methods="1" coveredmethods="1"/>
          <line num="5" count="129" type="stmt"/>
          <line num="7" count="129" type="stmt"/>
          <line num="18" count="2" type="stmt"/>
        </file>
        <file name="Footer.js" path="/home/johnvoon/Concept/concept/src/components/Footer.js">
          <metrics statements="2" coveredstatements="2" conditionals="0" coveredconditionals="0" methods="1" coveredmethods="1"/>
          <line num="4" count="1" type="stmt"/>
          <line num="5" count="26" type="stmt"/>
        </file>
        <file name="MainNavbar.js" path="/home/johnvoon/Concept/concept/src/components/MainNavbar.js">
          <metrics statements="12" coveredstatements="1" conditionals="2" coveredconditionals="0" methods="4" coveredmethods="0"/>
          <line num="8" count="0" type="stmt"/>
          <line num="9" count="0" type="stmt"/>
          <line num="15" count="0" type="stmt"/>
          <line num="17" count="0" type="stmt"/>
          <line num="18" count="0" type="cond" truecount="0" falsecount="2"/>
          <line num="19" count="0" type="stmt"/>
          <line num="20" count="0" type="stmt"/>
          <line num="22" count="0" type="stmt"/>
          <line num="30" count="0" type="stmt"/>
          <line num="36" count="0" type="stmt"/>
          <line num="38" count="0" type="stmt"/>
          <line num="73" count="1" type="stmt"/>
        </file>
        <file name="NavLink.js" path="/home/johnvoon/Concept/concept/src/components/NavLink.js">
          <metrics statements="4" coveredstatements="1" conditionals="2" coveredconditionals="0" methods="1" coveredmethods="0"/>
          <line num="7" count="0" type="stmt"/>
          <line num="8" count="0" type="stmt"/>
          <line num="10" count="0" type="stmt"/>
          <line num="24" count="1" type="stmt"/>
        </file>
        <file name="PostCard.js" path="/home/johnvoon/Concept/concept/src/components/PostCard.js">
          <metrics statements="8" coveredstatements="8" conditionals="2" coveredconditionals="2" methods="3" coveredmethods="3"/>
          <line num="9" count="70" type="stmt"/>
          <line num="10" count="70" type="stmt"/>
          <line num="14" count="70" type="stmt"/>
          <line num="18" count="70" type="stmt"/>
          <line num="24" count="195" type="stmt"/>
          <line num="25" count="195" type="stmt"/>
          <line num="27" count="195" type="stmt"/>
          <line num="62" count="1" type="stmt"/>
        </file>
        <file name="SearchField.js" path="/home/johnvoon/Concept/concept/src/components/SearchField.js">
          <metrics statements="3" coveredstatements="3" conditionals="0" coveredconditionals="0" methods="1" coveredmethods="1"/>
          <line num="3" count="1" type="stmt"/>
          <line num="4" count="25" type="stmt"/>
          <line num="19" count="1" type="stmt"/>
        </file>
        <file name="Sidebar.js" path="/home/johnvoon/Concept/concept/src/components/Sidebar.js">
          <metrics statements="9" coveredstatements="1" conditionals="2" coveredconditionals="0" methods="3" coveredmethods="0"/>
          <line num="6" count="0" type="stmt"/>
          <line num="8" count="0" type="stmt"/>
          <line num="9" count="0" type="cond" truecount="0" falsecount="2"/>
          <line num="10" count="0" type="stmt"/>
          <line num="11" count="0" type="stmt"/>
          <line num="13" count="0" type="stmt"/>
          <line num="22" count="0" type="stmt"/>
          <line num="27" count="0" type="stmt"/>
          <line num="42" count="1" type="stmt"/>
        </file>
      </package>
      <package name="src.constants">
        <metrics statements="72" coveredstatements="72" conditionals="0" coveredconditionals="0" methods="0" coveredmethods="0"/>
        <file name="Schemas.js" path="/home/johnvoon/Concept/concept/src/constants/Schemas.js">
          <metrics statements="20" coveredstatements="20" conditionals="0" coveredconditionals="0" methods="0" coveredmethods="0"/>
          <line num="3" count="8" type="stmt"/>
          <line num="4" count="8" type="stmt"/>
          <line num="5" count="8" type="stmt"/>
          <line num="6" count="8" type="stmt"/>
          <line num="7" count="8" type="stmt"/>
          <line num="8" count="8" type="stmt"/>
          <line num="9" count="8" type="stmt"/>
          <line num="10" count="8" type="stmt"/>
          <line num="11" count="8" type="stmt"/>
          <line num="12" count="8" type="stmt"/>
          <line num="14" count="8" type="stmt"/>
          <line num="15" count="8" type="stmt"/>
          <line num="16" count="8" type="stmt"/>
          <line num="17" count="8" type="stmt"/>
          <line num="18" count="8" type="stmt"/>
          <line num="19" count="8" type="stmt"/>
          <line num="20" count="8" type="stmt"/>
          <line num="21" count="8" type="stmt"/>
          <line num="22" count="8" type="stmt"/>
          <line num="23" count="8" type="stmt"/>
        </file>
        <file name="actionTypes.js" path="/home/johnvoon/Concept/concept/src/constants/actionTypes.js">
          <metrics statements="52" coveredstatements="52" conditionals="0" coveredconditionals="0" methods="0" coveredmethods="0"/>
          <line num="2" count="11" type="stmt"/>
          <line num="3" count="11" type="stmt"/>
          <line num="6" count="11" type="stmt"/>
          <line num="7" count="11" type="stmt"/>
          <line num="8" count="11" type="stmt"/>
          <line num="11" count="11" type="stmt"/>
          <line num="14" count="11" type="stmt"/>
          <line num="15" count="11" type="stmt"/>
          <line num="18" count="11" type="stmt"/>
          <line num="21" count="11" type="stmt"/>
          <line num="22" count="11" type="stmt"/>
          <line num="23" count="11" type="stmt"/>
          <line num="24" count="11" type="stmt"/>
          <line num="25" count="11" type="stmt"/>
          <line num="26" count="11" type="stmt"/>
          <line num="27" count="11" type="stmt"/>
          <line num="28" count="11" type="stmt"/>
          <line num="29" count="11" type="stmt"/>
          <line num="30" count="11" type="stmt"/>
          <line num="31" count="11" type="stmt"/>
          <line num="32" count="11" type="stmt"/>
          <line num="33" count="11" type="stmt"/>
          <line num="34" count="11" type="stmt"/>
          <line num="35" count="11" type="stmt"/>
          <line num="36" count="11" type="stmt"/>
          <line num="39" count="11" type="stmt"/>
          <line num="40" count="11" type="stmt"/>
          <line num="41" count="11" type="stmt"/>
          <line num="44" count="11" type="stmt"/>
          <line num="45" count="11" type="stmt"/>
          <line num="48" count="11" type="stmt"/>
          <line num="51" count="11" type="stmt"/>
          <line num="52" count="11" type="stmt"/>
          <line num="53" count="11" type="stmt"/>
          <line num="56" count="11" type="stmt"/>
          <line num="57" count="11" type="stmt"/>
          <line num="58" count="11" type="stmt"/>
          <line num="59" count="11" type="stmt"/>
          <line num="60" count="11" type="stmt"/>
          <line num="61" count="11" type="stmt"/>
          <line num="64" count="11" type="stmt"/>
          <line num="65" count="11" type="stmt"/>
          <line num="66" count="11" type="stmt"/>
          <line num="67" count="11" type="stmt"/>
          <line num="68" count="11" type="stmt"/>
          <line num="69" count="11" type="stmt"/>
          <line num="72" count="11" type="stmt"/>
          <line num="73" count="11" type="stmt"/>
          <line num="74" count="11" type="stmt"/>
          <line num="75" count="11" type="stmt"/>
          <line num="76" count="11" type="stmt"/>
          <line num="77" count="11" type="stmt"/>
        </file>
      </package>
      <package name="src.testData">
        <metrics statements="3" coveredstatements="3" conditionals="0" coveredconditionals="0" methods="0" coveredmethods="0"/>
        <file name="posts.js" path="/home/johnvoon/Concept/concept/src/testData/posts.js">
          <metrics statements="1" coveredstatements="1" conditionals="0" coveredconditionals="0" methods="0" coveredmethods="0"/>
          <line num="1" count="3" type="stmt"/>
        </file>
        <file name="practiceAreas.js" path="/home/johnvoon/Concept/concept/src/testData/practiceAreas.js">
          <metrics statements="1" coveredstatements="1" conditionals="0" coveredconditionals="0" methods="0" coveredmethods="0"/>
          <line num="1" count="1" type="stmt"/>
        </file>
        <file name="staff.js" path="/home/johnvoon/Concept/concept/src/testData/staff.js">
          <metrics statements="1" coveredstatements="1" conditionals="0" coveredconditionals="0" methods="0" coveredmethods="0"/>
          <line num="3" count="1" type="stmt"/>
        </file>
      </package>
    </metrics>
  </project>
</coverage>
