{"/home/johnvoon/Concept/concept/src/mockStore.js": {"path":"/home/johnvoon/Concept/concept/src/mockStore.js","statementMap":{"0":{"start":{"line":5,"column":2},"end":{"line":5,"column":44}}},"fnMap":{"0":{"name":"configureStore","decl":{"start":{"line":4,"column":24},"end":{"line":4,"column":38}},"loc":{"start":{"line":4,"column":46},"end":{"line":6,"column":1}},"line":4}},"branchMap":{},"s":{"0":1},"f":{"0":1},"b":{},"_coverageSchema":"332fd63041d2c1bcb487cc26dd0d5f7d97098a6c","hash":"41630dc77579ce85cff2b46a0e5666479cb32d59"}
,"/home/johnvoon/Concept/concept/src/utils.js": {"path":"/home/johnvoon/Concept/concept/src/utils.js","statementMap":{"0":{"start":{"line":9,"column":2},"end":{"line":13,"column":3}},"1":{"start":{"line":10,"column":4},"end":{"line":10,"column":44}},"2":{"start":{"line":12,"column":4},"end":{"line":12,"column":35}},"3":{"start":{"line":19,"column":2},"end":{"line":21,"column":4}},"4":{"start":{"line":20,"column":4},"end":{"line":20,"column":40}},"5":{"start":{"line":27,"column":2},"end":{"line":37,"column":3}},"6":{"start":{"line":28,"column":4},"end":{"line":30,"column":7}},"7":{"start":{"line":29,"column":6},"end":{"line":29,"column":69}},"8":{"start":{"line":32,"column":4},"end":{"line":36,"column":7}},"9":{"start":{"line":33,"column":6},"end":{"line":33,"column":53}},"10":{"start":{"line":33,"column":43},"end":{"line":33,"column":53}},"11":{"start":{"line":34,"column":6},"end":{"line":34,"column":52}},"12":{"start":{"line":34,"column":43},"end":{"line":34,"column":52}},"13":{"start":{"line":35,"column":6},"end":{"line":35,"column":15}},"14":{"start":{"line":41,"column":2},"end":{"line":51,"column":5}},"15":{"start":{"line":42,"column":4},"end":{"line":50,"column":5}},"16":{"start":{"line":43,"column":6},"end":{"line":43,"column":51}},"17":{"start":{"line":43,"column":41},"end":{"line":43,"column":51}},"18":{"start":{"line":44,"column":6},"end":{"line":44,"column":50}},"19":{"start":{"line":44,"column":41},"end":{"line":44,"column":50}},"20":{"start":{"line":45,"column":6},"end":{"line":45,"column":15}},"21":{"start":{"line":47,"column":6},"end":{"line":47,"column":51}},"22":{"start":{"line":47,"column":41},"end":{"line":47,"column":51}},"23":{"start":{"line":48,"column":6},"end":{"line":48,"column":50}},"24":{"start":{"line":48,"column":41},"end":{"line":48,"column":50}},"25":{"start":{"line":49,"column":6},"end":{"line":49,"column":15}},"26":{"start":{"line":55,"column":2},"end":{"line":61,"column":5}},"27":{"start":{"line":56,"column":4},"end":{"line":60,"column":5}},"28":{"start":{"line":57,"column":6},"end":{"line":57,"column":67}},"29":{"start":{"line":59,"column":6},"end":{"line":59,"column":67}},"30":{"start":{"line":67,"column":19},"end":{"line":67,"column":73}},"31":{"start":{"line":68,"column":2},"end":{"line":73,"column":5}},"32":{"start":{"line":69,"column":24},"end":{"line":69,"column":66}},"33":{"start":{"line":70,"column":4},"end":{"line":72,"column":7}},"34":{"start":{"line":71,"column":6},"end":{"line":71,"column":47}},"35":{"start":{"line":79,"column":2},"end":{"line":79,"column":54}},"36":{"start":{"line":83,"column":2},"end":{"line":85,"column":25}},"37":{"start":{"line":84,"column":4},"end":{"line":84,"column":68}},"38":{"start":{"line":90,"column":24},"end":{"line":91,"column":32}},"39":{"start":{"line":91,"column":2},"end":{"line":91,"column":32}},"40":{"start":{"line":93,"column":32},"end":{"line":94,"column":51}},"41":{"start":{"line":94,"column":2},"end":{"line":94,"column":51}},"42":{"start":{"line":96,"column":25},"end":{"line":97,"column":79}},"43":{"start":{"line":96,"column":32},"end":{"line":97,"column":79}},"44":{"start":{"line":97,"column":2},"end":{"line":97,"column":79}},"45":{"start":{"line":99,"column":22},"end":{"line":100,"column":64}},"46":{"start":{"line":100,"column":2},"end":{"line":100,"column":64}},"47":{"start":{"line":102,"column":24},"end":{"line":104,"column":32}},"48":{"start":{"line":103,"column":2},"end":{"line":104,"column":32}},"49":{"start":{"line":106,"column":21},"end":{"line":108,"column":39}},"50":{"start":{"line":107,"column":2},"end":{"line":108,"column":39}},"51":{"start":{"line":110,"column":29},"end":{"line":111,"column":67}},"52":{"start":{"line":110,"column":41},"end":{"line":111,"column":67}},"53":{"start":{"line":111,"column":2},"end":{"line":111,"column":67}},"54":{"start":{"line":113,"column":41},"end":{"line":134,"column":1}},"55":{"start":{"line":114,"column":2},"end":{"line":133,"column":7}},"56":{"start":{"line":116,"column":16},"end":{"line":116,"column":25}},"57":{"start":{"line":118,"column":31},"end":{"line":118,"column":39}},"58":{"start":{"line":119,"column":6},"end":{"line":124,"column":7}},"59":{"start":{"line":121,"column":10},"end":{"line":121,"column":46}},"60":{"start":{"line":122,"column":8},"end":{"line":123,"column":36}},"61":{"start":{"line":125,"column":6},"end":{"line":128,"column":7}},"62":{"start":{"line":127,"column":8},"end":{"line":127,"column":42}},"63":{"start":{"line":129,"column":6},"end":{"line":132,"column":7}},"64":{"start":{"line":131,"column":8},"end":{"line":131,"column":36}},"65":{"start":{"line":136,"column":38},"end":{"line":147,"column":1}},"66":{"start":{"line":137,"column":2},"end":{"line":146,"column":7}},"67":{"start":{"line":139,"column":16},"end":{"line":139,"column":25}},"68":{"start":{"line":141,"column":31},"end":{"line":141,"column":39}},"69":{"start":{"line":142,"column":6},"end":{"line":145,"column":7}},"70":{"start":{"line":144,"column":8},"end":{"line":144,"column":36}}},"fnMap":{"0":{"name":"normalizeResponseData","decl":{"start":{"line":8,"column":16},"end":{"line":8,"column":37}},"loc":{"start":{"line":8,"column":52},"end":{"line":14,"column":1}},"line":8},"1":{"name":"createOptionsList","decl":{"start":{"line":18,"column":16},"end":{"line":18,"column":33}},"loc":{"start":{"line":18,"column":55},"end":{"line":22,"column":1}},"line":18},"2":{"name":"(anonymous_2)","decl":{"start":{"line":19,"column":41},"end":{"line":19,"column":42}},"loc":{"start":{"line":20,"column":4},"end":{"line":20,"column":40}},"line":20},"3":{"name":"sortPosts","decl":{"start":{"line":26,"column":16},"end":{"line":26,"column":25}},"loc":{"start":{"line":26,"column":54},"end":{"line":38,"column":1}},"line":26},"4":{"name":"(anonymous_4)","decl":{"start":{"line":28,"column":20},"end":{"line":28,"column":21}},"loc":{"start":{"line":28,"column":30},"end":{"line":30,"column":5}},"line":28},"5":{"name":"(anonymous_5)","decl":{"start":{"line":32,"column":20},"end":{"line":32,"column":21}},"loc":{"start":{"line":32,"column":30},"end":{"line":36,"column":5}},"line":32},"6":{"name":"sort","decl":{"start":{"line":40,"column":16},"end":{"line":40,"column":20}},"loc":{"start":{"line":40,"column":45},"end":{"line":52,"column":1}},"line":40},"7":{"name":"(anonymous_7)","decl":{"start":{"line":41,"column":18},"end":{"line":41,"column":19}},"loc":{"start":{"line":41,"column":28},"end":{"line":51,"column":3}},"line":41},"8":{"name":"sortByDate","decl":{"start":{"line":54,"column":16},"end":{"line":54,"column":26}},"loc":{"start":{"line":54,"column":45},"end":{"line":62,"column":1}},"line":54},"9":{"name":"(anonymous_9)","decl":{"start":{"line":55,"column":18},"end":{"line":55,"column":19}},"loc":{"start":{"line":55,"column":28},"end":{"line":61,"column":3}},"line":55},"10":{"name":"filter","decl":{"start":{"line":66,"column":16},"end":{"line":66,"column":22}},"loc":{"start":{"line":66,"column":43},"end":{"line":74,"column":1}},"line":66},"11":{"name":"(anonymous_11)","decl":{"start":{"line":68,"column":34},"end":{"line":68,"column":35}},"loc":{"start":{"line":68,"column":40},"end":{"line":73,"column":3}},"line":68},"12":{"name":"(anonymous_12)","decl":{"start":{"line":70,"column":26},"end":{"line":70,"column":27}},"loc":{"start":{"line":70,"column":37},"end":{"line":72,"column":5}},"line":70},"13":{"name":"slugify","decl":{"start":{"line":78,"column":16},"end":{"line":78,"column":23}},"loc":{"start":{"line":78,"column":32},"end":{"line":80,"column":1}},"line":78},"14":{"name":"camelize","decl":{"start":{"line":82,"column":16},"end":{"line":82,"column":24}},"loc":{"start":{"line":82,"column":33},"end":{"line":86,"column":1}},"line":82},"15":{"name":"(anonymous_15)","decl":{"start":{"line":83,"column":47},"end":{"line":83,"column":48}},"loc":{"start":{"line":83,"column":71},"end":{"line":85,"column":3}},"line":83},"16":{"name":"(anonymous_16)","decl":{"start":{"line":90,"column":24},"end":{"line":90,"column":25}},"loc":{"start":{"line":91,"column":2},"end":{"line":91,"column":32}},"line":91},"17":{"name":"(anonymous_17)","decl":{"start":{"line":93,"column":32},"end":{"line":93,"column":33}},"loc":{"start":{"line":94,"column":2},"end":{"line":94,"column":51}},"line":94},"18":{"name":"(anonymous_18)","decl":{"start":{"line":96,"column":25},"end":{"line":96,"column":26}},"loc":{"start":{"line":96,"column":32},"end":{"line":97,"column":79}},"line":96},"19":{"name":"(anonymous_19)","decl":{"start":{"line":96,"column":32},"end":{"line":96,"column":33}},"loc":{"start":{"line":97,"column":2},"end":{"line":97,"column":79}},"line":97},"20":{"name":"(anonymous_20)","decl":{"start":{"line":99,"column":22},"end":{"line":99,"column":23}},"loc":{"start":{"line":100,"column":2},"end":{"line":100,"column":64}},"line":100},"21":{"name":"(anonymous_21)","decl":{"start":{"line":102,"column":24},"end":{"line":102,"column":25}},"loc":{"start":{"line":103,"column":2},"end":{"line":104,"column":32}},"line":103},"22":{"name":"(anonymous_22)","decl":{"start":{"line":106,"column":21},"end":{"line":106,"column":22}},"loc":{"start":{"line":107,"column":2},"end":{"line":108,"column":39}},"line":107},"23":{"name":"(anonymous_23)","decl":{"start":{"line":110,"column":29},"end":{"line":110,"column":30}},"loc":{"start":{"line":110,"column":41},"end":{"line":111,"column":67}},"line":110},"24":{"name":"(anonymous_24)","decl":{"start":{"line":110,"column":41},"end":{"line":110,"column":42}},"loc":{"start":{"line":111,"column":2},"end":{"line":111,"column":67}},"line":111},"25":{"name":"(anonymous_25)","decl":{"start":{"line":113,"column":41},"end":{"line":113,"column":42}},"loc":{"start":{"line":113,"column":52},"end":{"line":134,"column":1}},"line":113},"26":{"name":"(anonymous_26)","decl":{"start":{"line":116,"column":10},"end":{"line":116,"column":11}},"loc":{"start":{"line":116,"column":16},"end":{"line":116,"column":25}},"line":116},"27":{"name":"(anonymous_27)","decl":{"start":{"line":117,"column":11},"end":{"line":117,"column":12}},"loc":{"start":{"line":117,"column":36},"end":{"line":133,"column":5}},"line":117},"28":{"name":"(anonymous_28)","decl":{"start":{"line":120,"column":36},"end":{"line":120,"column":37}},"loc":{"start":{"line":121,"column":10},"end":{"line":121,"column":46}},"line":121},"29":{"name":"(anonymous_29)","decl":{"start":{"line":136,"column":38},"end":{"line":136,"column":39}},"loc":{"start":{"line":136,"column":49},"end":{"line":147,"column":1}},"line":136},"30":{"name":"(anonymous_30)","decl":{"start":{"line":139,"column":10},"end":{"line":139,"column":11}},"loc":{"start":{"line":139,"column":16},"end":{"line":139,"column":25}},"line":139},"31":{"name":"(anonymous_31)","decl":{"start":{"line":140,"column":11},"end":{"line":140,"column":12}},"loc":{"start":{"line":140,"column":36},"end":{"line":146,"column":5}},"line":140}},"branchMap":{"0":{"loc":{"start":{"line":9,"column":2},"end":{"line":13,"column":3}},"type":"if","locations":[{"start":{"line":9,"column":2},"end":{"line":13,"column":3}},{"start":{"line":9,"column":2},"end":{"line":13,"column":3}}],"line":9},"1":{"loc":{"start":{"line":26,"column":38},"end":{"line":26,"column":52}},"type":"default-arg","locations":[{"start":{"line":26,"column":43},"end":{"line":26,"column":52}}],"line":26},"2":{"loc":{"start":{"line":27,"column":2},"end":{"line":37,"column":3}},"type":"if","locations":[{"start":{"line":27,"column":2},"end":{"line":37,"column":3}},{"start":{"line":27,"column":2},"end":{"line":37,"column":3}}],"line":27},"3":{"loc":{"start":{"line":33,"column":6},"end":{"line":33,"column":53}},"type":"if","locations":[{"start":{"line":33,"column":6},"end":{"line":33,"column":53}},{"start":{"line":33,"column":6},"end":{"line":33,"column":53}}],"line":33},"4":{"loc":{"start":{"line":34,"column":6},"end":{"line":34,"column":52}},"type":"if","locations":[{"start":{"line":34,"column":6},"end":{"line":34,"column":52}},{"start":{"line":34,"column":6},"end":{"line":34,"column":52}}],"line":34},"5":{"loc":{"start":{"line":42,"column":4},"end":{"line":50,"column":5}},"type":"if","locations":[{"start":{"line":42,"column":4},"end":{"line":50,"column":5}},{"start":{"line":42,"column":4},"end":{"line":50,"column":5}}],"line":42},"6":{"loc":{"start":{"line":43,"column":6},"end":{"line":43,"column":51}},"type":"if","locations":[{"start":{"line":43,"column":6},"end":{"line":43,"column":51}},{"start":{"line":43,"column":6},"end":{"line":43,"column":51}}],"line":43},"7":{"loc":{"start":{"line":44,"column":6},"end":{"line":44,"column":50}},"type":"if","locations":[{"start":{"line":44,"column":6},"end":{"line":44,"column":50}},{"start":{"line":44,"column":6},"end":{"line":44,"column":50}}],"line":44},"8":{"loc":{"start":{"line":47,"column":6},"end":{"line":47,"column":51}},"type":"if","locations":[{"start":{"line":47,"column":6},"end":{"line":47,"column":51}},{"start":{"line":47,"column":6},"end":{"line":47,"column":51}}],"line":47},"9":{"loc":{"start":{"line":48,"column":6},"end":{"line":48,"column":50}},"type":"if","locations":[{"start":{"line":48,"column":6},"end":{"line":48,"column":50}},{"start":{"line":48,"column":6},"end":{"line":48,"column":50}}],"line":48},"10":{"loc":{"start":{"line":56,"column":4},"end":{"line":60,"column":5}},"type":"if","locations":[{"start":{"line":56,"column":4},"end":{"line":60,"column":5}},{"start":{"line":56,"column":4},"end":{"line":60,"column":5}}],"line":56},"11":{"loc":{"start":{"line":84,"column":11},"end":{"line":84,"column":67}},"type":"cond-expr","locations":[{"start":{"line":84,"column":24},"end":{"line":84,"column":44}},{"start":{"line":84,"column":47},"end":{"line":84,"column":67}}],"line":84},"12":{"loc":{"start":{"line":91,"column":2},"end":{"line":91,"column":32}},"type":"cond-expr","locations":[{"start":{"line":91,"column":10},"end":{"line":91,"column":19}},{"start":{"line":91,"column":22},"end":{"line":91,"column":32}}],"line":91},"13":{"loc":{"start":{"line":94,"column":2},"end":{"line":94,"column":51}},"type":"cond-expr","locations":[{"start":{"line":94,"column":10},"end":{"line":94,"column":19}},{"start":{"line":94,"column":22},"end":{"line":94,"column":51}}],"line":94},"14":{"loc":{"start":{"line":97,"column":2},"end":{"line":97,"column":79}},"type":"cond-expr","locations":[{"start":{"line":97,"column":32},"end":{"line":97,"column":67}},{"start":{"line":97,"column":70},"end":{"line":97,"column":79}}],"line":97},"15":{"loc":{"start":{"line":97,"column":2},"end":{"line":97,"column":29}},"type":"binary-expr","locations":[{"start":{"line":97,"column":2},"end":{"line":97,"column":7}},{"start":{"line":97,"column":11},"end":{"line":97,"column":29}}],"line":97},"16":{"loc":{"start":{"line":100,"column":2},"end":{"line":100,"column":64}},"type":"cond-expr","locations":[{"start":{"line":100,"column":34},"end":{"line":100,"column":52}},{"start":{"line":100,"column":55},"end":{"line":100,"column":64}}],"line":100},"17":{"loc":{"start":{"line":100,"column":2},"end":{"line":100,"column":31}},"type":"binary-expr","locations":[{"start":{"line":100,"column":2},"end":{"line":100,"column":7}},{"start":{"line":100,"column":11},"end":{"line":100,"column":31}}],"line":100},"18":{"loc":{"start":{"line":103,"column":2},"end":{"line":104,"column":32}},"type":"cond-expr","locations":[{"start":{"line":104,"column":2},"end":{"line":104,"column":20}},{"start":{"line":104,"column":23},"end":{"line":104,"column":32}}],"line":103},"19":{"loc":{"start":{"line":103,"column":2},"end":{"line":103,"column":72}},"type":"binary-expr","locations":[{"start":{"line":103,"column":2},"end":{"line":103,"column":7}},{"start":{"line":103,"column":11},"end":{"line":103,"column":72}}],"line":103},"20":{"loc":{"start":{"line":107,"column":2},"end":{"line":108,"column":39}},"type":"cond-expr","locations":[{"start":{"line":108,"column":4},"end":{"line":108,"column":27}},{"start":{"line":108,"column":30},"end":{"line":108,"column":39}}],"line":107},"21":{"loc":{"start":{"line":107,"column":2},"end":{"line":107,"column":67}},"type":"binary-expr","locations":[{"start":{"line":107,"column":2},"end":{"line":107,"column":7}},{"start":{"line":107,"column":11},"end":{"line":107,"column":67}}],"line":107},"22":{"loc":{"start":{"line":111,"column":2},"end":{"line":111,"column":67}},"type":"cond-expr","locations":[{"start":{"line":111,"column":32},"end":{"line":111,"column":55}},{"start":{"line":111,"column":58},"end":{"line":111,"column":67}}],"line":111},"23":{"loc":{"start":{"line":111,"column":2},"end":{"line":111,"column":29}},"type":"binary-expr","locations":[{"start":{"line":111,"column":2},"end":{"line":111,"column":7}},{"start":{"line":111,"column":11},"end":{"line":111,"column":29}}],"line":111},"24":{"loc":{"start":{"line":119,"column":6},"end":{"line":124,"column":7}},"type":"if","locations":[{"start":{"line":119,"column":6},"end":{"line":124,"column":7}},{"start":{"line":119,"column":6},"end":{"line":124,"column":7}}],"line":119},"25":{"loc":{"start":{"line":119,"column":10},"end":{"line":121,"column":47}},"type":"binary-expr","locations":[{"start":{"line":119,"column":10},"end":{"line":119,"column":24}},{"start":{"line":120,"column":8},"end":{"line":121,"column":47}}],"line":119},"26":{"loc":{"start":{"line":125,"column":6},"end":{"line":128,"column":7}},"type":"if","locations":[{"start":{"line":125,"column":6},"end":{"line":128,"column":7}},{"start":{"line":125,"column":6},"end":{"line":128,"column":7}}],"line":125},"27":{"loc":{"start":{"line":125,"column":10},"end":{"line":126,"column":47}},"type":"binary-expr","locations":[{"start":{"line":125,"column":10},"end":{"line":125,"column":24}},{"start":{"line":126,"column":8},"end":{"line":126,"column":47}}],"line":125},"28":{"loc":{"start":{"line":129,"column":6},"end":{"line":132,"column":7}},"type":"if","locations":[{"start":{"line":129,"column":6},"end":{"line":132,"column":7}},{"start":{"line":129,"column":6},"end":{"line":132,"column":7}}],"line":129},"29":{"loc":{"start":{"line":129,"column":10},"end":{"line":130,"column":44}},"type":"binary-expr","locations":[{"start":{"line":129,"column":10},"end":{"line":129,"column":24}},{"start":{"line":130,"column":8},"end":{"line":130,"column":44}}],"line":129},"30":{"loc":{"start":{"line":142,"column":6},"end":{"line":145,"column":7}},"type":"if","locations":[{"start":{"line":142,"column":6},"end":{"line":145,"column":7}},{"start":{"line":142,"column":6},"end":{"line":145,"column":7}}],"line":142},"31":{"loc":{"start":{"line":142,"column":10},"end":{"line":143,"column":44}},"type":"binary-expr","locations":[{"start":{"line":142,"column":10},"end":{"line":142,"column":24}},{"start":{"line":143,"column":8},"end":{"line":143,"column":44}}],"line":142}},"s":{"0":28,"1":21,"2":7,"3":1,"4":4,"5":9,"6":7,"7":71,"8":2,"9":9,"10":0,"11":9,"12":0,"13":9,"14":0,"15":0,"16":0,"17":0,"18":0,"19":0,"20":0,"21":0,"22":0,"23":0,"24":0,"25":0,"26":0,"27":0,"28":0,"29":0,"30":2,"31":2,"32":11,"33":11,"34":11,"35":0,"36":0,"37":0,"38":6,"39":0,"40":6,"41":0,"42":6,"43":0,"44":0,"45":6,"46":0,"47":6,"48":0,"49":6,"50":0,"51":6,"52":0,"53":0,"54":6,"55":0,"56":0,"57":0,"58":0,"59":0,"60":0,"61":0,"62":0,"63":0,"64":0,"65":6,"66":0,"67":0,"68":0,"69":0,"70":0},"f":{"0":28,"1":1,"2":4,"3":9,"4":71,"5":9,"6":0,"7":0,"8":0,"9":0,"10":2,"11":11,"12":11,"13":0,"14":0,"15":0,"16":0,"17":0,"18":0,"19":0,"20":0,"21":0,"22":0,"23":0,"24":0,"25":0,"26":0,"27":0,"28":0,"29":0,"30":0,"31":0},"b":{"0":[21,7],"1":[0],"2":[7,2],"3":[0,9],"4":[0,9],"5":[0,0],"6":[0,0],"7":[0,0],"8":[0,0],"9":[0,0],"10":[0,0],"11":[0,0],"12":[0,0],"13":[0,0],"14":[0,0],"15":[0,0],"16":[0,0],"17":[0,0],"18":[0,0],"19":[0,0],"20":[0,0],"21":[0,0],"22":[0,0],"23":[0,0],"24":[0,0],"25":[0,0],"26":[0,0],"27":[0,0],"28":[0,0],"29":[0,0],"30":[0,0],"31":[0,0]},"_coverageSchema":"332fd63041d2c1bcb487cc26dd0d5f7d97098a6c","hash":"c324b00a6b49e89acaab907788c7084b3309f383"}
,"/home/johnvoon/Concept/concept/src/Admin/actions.js": {"path":"/home/johnvoon/Concept/concept/src/Admin/actions.js","statementMap":{"0":{"start":{"line":20,"column":2},"end":{"line":23,"column":4}},"1":{"start":{"line":27,"column":2},"end":{"line":30,"column":4}},"2":{"start":{"line":34,"column":2},"end":{"line":37,"column":4}},"3":{"start":{"line":41,"column":2},"end":{"line":44,"column":4}},"4":{"start":{"line":48,"column":2},"end":{"line":51,"column":4}},"5":{"start":{"line":55,"column":2},"end":{"line":58,"column":4}},"6":{"start":{"line":62,"column":2},"end":{"line":66,"column":4}},"7":{"start":{"line":70,"column":2},"end":{"line":75,"column":4}},"8":{"start":{"line":79,"column":2},"end":{"line":84,"column":4}},"9":{"start":{"line":88,"column":2},"end":{"line":93,"column":4}},"10":{"start":{"line":97,"column":2},"end":{"line":101,"column":4}},"11":{"start":{"line":105,"column":2},"end":{"line":108,"column":4}},"12":{"start":{"line":112,"column":2},"end":{"line":114,"column":4}},"13":{"start":{"line":118,"column":2},"end":{"line":120,"column":4}},"14":{"start":{"line":124,"column":2},"end":{"line":126,"column":4}}},"fnMap":{"0":{"name":"changePageLength","decl":{"start":{"line":19,"column":16},"end":{"line":19,"column":32}},"loc":{"start":{"line":19,"column":40},"end":{"line":24,"column":1}},"line":19},"1":{"name":"changePageNumber","decl":{"start":{"line":26,"column":16},"end":{"line":26,"column":32}},"loc":{"start":{"line":26,"column":40},"end":{"line":31,"column":1}},"line":26},"2":{"name":"changeSelectedRecord","decl":{"start":{"line":33,"column":16},"end":{"line":33,"column":36}},"loc":{"start":{"line":33,"column":44},"end":{"line":38,"column":1}},"line":33},"3":{"name":"changeAdminOperation","decl":{"start":{"line":40,"column":16},"end":{"line":40,"column":36}},"loc":{"start":{"line":40,"column":44},"end":{"line":45,"column":1}},"line":40},"4":{"name":"sortData","decl":{"start":{"line":47,"column":16},"end":{"line":47,"column":24}},"loc":{"start":{"line":47,"column":33},"end":{"line":52,"column":1}},"line":47},"5":{"name":"filterAdminData","decl":{"start":{"line":54,"column":16},"end":{"line":54,"column":31}},"loc":{"start":{"line":54,"column":39},"end":{"line":59,"column":1}},"line":54},"6":{"name":"recordsLoaded","decl":{"start":{"line":61,"column":16},"end":{"line":61,"column":29}},"loc":{"start":{"line":61,"column":50},"end":{"line":67,"column":1}},"line":61},"7":{"name":"recordAdded","decl":{"start":{"line":69,"column":16},"end":{"line":69,"column":27}},"loc":{"start":{"line":69,"column":66},"end":{"line":76,"column":1}},"line":69},"8":{"name":"recordEdited","decl":{"start":{"line":78,"column":16},"end":{"line":78,"column":28}},"loc":{"start":{"line":78,"column":69},"end":{"line":85,"column":1}},"line":78},"9":{"name":"recordDeleted","decl":{"start":{"line":87,"column":16},"end":{"line":87,"column":29}},"loc":{"start":{"line":87,"column":60},"end":{"line":94,"column":1}},"line":87},"10":{"name":"commentVisibilityChanged","decl":{"start":{"line":96,"column":16},"end":{"line":96,"column":40}},"loc":{"start":{"line":96,"column":62},"end":{"line":102,"column":1}},"line":96},"11":{"name":"loadFormData","decl":{"start":{"line":104,"column":16},"end":{"line":104,"column":28}},"loc":{"start":{"line":104,"column":39},"end":{"line":109,"column":1}},"line":104},"12":{"name":"showModal","decl":{"start":{"line":111,"column":16},"end":{"line":111,"column":25}},"loc":{"start":{"line":111,"column":28},"end":{"line":115,"column":1}},"line":111},"13":{"name":"hideModal","decl":{"start":{"line":117,"column":16},"end":{"line":117,"column":25}},"loc":{"start":{"line":117,"column":28},"end":{"line":121,"column":1}},"line":117},"14":{"name":"resetState","decl":{"start":{"line":123,"column":16},"end":{"line":123,"column":26}},"loc":{"start":{"line":123,"column":29},"end":{"line":127,"column":1}},"line":123}},"branchMap":{},"s":{"0":0,"1":0,"2":0,"3":0,"4":0,"5":0,"6":2,"7":2,"8":2,"9":2,"10":0,"11":0,"12":0,"13":0,"14":0},"f":{"0":0,"1":0,"2":0,"3":0,"4":0,"5":0,"6":2,"7":2,"8":2,"9":2,"10":0,"11":0,"12":0,"13":0,"14":0},"b":{},"_coverageSchema":"332fd63041d2c1bcb487cc26dd0d5f7d97098a6c","hash":"ec461e8083fed49ddcafb6d39ba67017ae156974"}
,"/home/johnvoon/Concept/concept/src/App/actions.js": {"path":"/home/johnvoon/Concept/concept/src/App/actions.js","statementMap":{"0":{"start":{"line":4,"column":2},"end":{"line":6,"column":4}},"1":{"start":{"line":10,"column":2},"end":{"line":12,"column":4}}},"fnMap":{"0":{"name":"toggleSidebar","decl":{"start":{"line":3,"column":16},"end":{"line":3,"column":29}},"loc":{"start":{"line":3,"column":32},"end":{"line":7,"column":1}},"line":3},"1":{"name":"hideSidebar","decl":{"start":{"line":9,"column":16},"end":{"line":9,"column":27}},"loc":{"start":{"line":9,"column":30},"end":{"line":13,"column":1}},"line":9}},"branchMap":{},"s":{"0":4,"1":4},"f":{"0":4,"1":4},"b":{},"_coverageSchema":"332fd63041d2c1bcb487cc26dd0d5f7d97098a6c","hash":"3bba1c3dce851a443f4923eca752317f7bd31e3c"}
,"/home/johnvoon/Concept/concept/src/App/index.js": {"path":"/home/johnvoon/Concept/concept/src/App/index.js","statementMap":{"0":{"start":{"line":11,"column":24},"end":{"line":18,"column":1}},"1":{"start":{"line":12,"column":44},"end":{"line":12,"column":49}},"2":{"start":{"line":13,"column":2},"end":{"line":17,"column":4}},"3":{"start":{"line":20,"column":34},"end":{"line":32,"column":2}},"4":{"start":{"line":20,"column":49},"end":{"line":32,"column":1}},"5":{"start":{"line":22,"column":4},"end":{"line":22,"column":33}},"6":{"start":{"line":26,"column":4},"end":{"line":26,"column":30}},"7":{"start":{"line":30,"column":4},"end":{"line":30,"column":28}},"8":{"start":{"line":36,"column":4},"end":{"line":36,"column":17}},"9":{"start":{"line":40,"column":4},"end":{"line":40,"column":36}},"10":{"start":{"line":45,"column":41},"end":{"line":45,"column":51}},"11":{"start":{"line":46,"column":18},"end":{"line":52,"column":5}},"12":{"start":{"line":54,"column":4},"end":{"line":76,"column":6}},"13":{"start":{"line":80,"column":0},"end":{"line":87,"column":2}}},"fnMap":{"0":{"name":"(anonymous_0)","decl":{"start":{"line":11,"column":24},"end":{"line":11,"column":25}},"loc":{"start":{"line":11,"column":35},"end":{"line":18,"column":1}},"line":11},"1":{"name":"(anonymous_1)","decl":{"start":{"line":20,"column":34},"end":{"line":20,"column":35}},"loc":{"start":{"line":20,"column":49},"end":{"line":32,"column":1}},"line":20},"2":{"name":"(anonymous_2)","decl":{"start":{"line":21,"column":22},"end":{"line":21,"column":23}},"loc":{"start":{"line":21,"column":28},"end":{"line":23,"column":3}},"line":21},"3":{"name":"(anonymous_3)","decl":{"start":{"line":25,"column":19},"end":{"line":25,"column":20}},"loc":{"start":{"line":25,"column":25},"end":{"line":27,"column":3}},"line":25},"4":{"name":"(anonymous_4)","decl":{"start":{"line":29,"column":17},"end":{"line":29,"column":18}},"loc":{"start":{"line":29,"column":23},"end":{"line":31,"column":3}},"line":29},"5":{"name":"(anonymous_5)","decl":{"start":{"line":35,"column":2},"end":{"line":35,"column":3}},"loc":{"start":{"line":35,"column":21},"end":{"line":37,"column":3}},"line":35},"6":{"name":"(anonymous_6)","decl":{"start":{"line":39,"column":2},"end":{"line":39,"column":3}},"loc":{"start":{"line":39,"column":22},"end":{"line":41,"column":3}},"line":39},"7":{"name":"(anonymous_7)","decl":{"start":{"line":43,"column":2},"end":{"line":43,"column":3}},"loc":{"start":{"line":43,"column":11},"end":{"line":77,"column":3}},"line":43}},"branchMap":{"0":{"loc":{"start":{"line":50,"column":7},"end":{"line":50,"column":73}},"type":"cond-expr","locations":[{"start":{"line":50,"column":32},"end":{"line":50,"column":41}},{"start":{"line":50,"column":44},"end":{"line":50,"column":73}}],"line":50},"1":{"loc":{"start":{"line":51,"column":7},"end":{"line":51,"column":75}},"type":"cond-expr","locations":[{"start":{"line":51,"column":32},"end":{"line":51,"column":51}},{"start":{"line":51,"column":54},"end":{"line":51,"column":75}}],"line":51},"2":{"loc":{"start":{"line":68,"column":11},"end":{"line":72,"column":18}},"type":"cond-expr","locations":[{"start":{"line":69,"column":12},"end":{"line":71,"column":42}},{"start":{"line":72,"column":14},"end":{"line":72,"column":18}}],"line":68}},"s":{"0":1,"1":0,"2":0,"3":1,"4":6,"5":1,"6":1,"7":1,"8":0,"9":0,"10":0,"11":0,"12":0,"13":1},"f":{"0":0,"1":6,"2":1,"3":1,"4":1,"5":0,"6":0,"7":0},"b":{"0":[0,0],"1":[0,0],"2":[0,0]},"_coverageSchema":"332fd63041d2c1bcb487cc26dd0d5f7d97098a6c","hash":"2a6318773d381da4f92b97e765512fba082d1faa"}
,"/home/johnvoon/Concept/concept/src/App/reducer.js": {"path":"/home/johnvoon/Concept/concept/src/App/reducer.js","statementMap":{"0":{"start":{"line":3,"column":21},"end":{"line":5,"column":1}},"1":{"start":{"line":8,"column":2},"end":{"line":14,"column":3}},"2":{"start":{"line":10,"column":6},"end":{"line":10,"column":42}},"3":{"start":{"line":13,"column":6},"end":{"line":13,"column":40}},"4":{"start":{"line":16,"column":2},"end":{"line":16,"column":15}},"5":{"start":{"line":20,"column":29},"end":{"line":20,"column":34}},"6":{"start":{"line":22,"column":2},"end":{"line":25,"column":4}},"7":{"start":{"line":29,"column":2},"end":{"line":32,"column":4}}},"fnMap":{"0":{"name":"appReducer","decl":{"start":{"line":7,"column":24},"end":{"line":7,"column":34}},"loc":{"start":{"line":7,"column":65},"end":{"line":17,"column":1}},"line":7},"1":{"name":"toggleSidebar","decl":{"start":{"line":19,"column":9},"end":{"line":19,"column":22}},"loc":{"start":{"line":19,"column":39},"end":{"line":26,"column":1}},"line":19},"2":{"name":"hideSidebar","decl":{"start":{"line":28,"column":9},"end":{"line":28,"column":20}},"loc":{"start":{"line":28,"column":37},"end":{"line":33,"column":1}},"line":28}},"branchMap":{"0":{"loc":{"start":{"line":7,"column":35},"end":{"line":7,"column":55}},"type":"default-arg","locations":[{"start":{"line":7,"column":43},"end":{"line":7,"column":55}}],"line":7},"1":{"loc":{"start":{"line":8,"column":2},"end":{"line":14,"column":3}},"type":"switch","locations":[{"start":{"line":9,"column":4},"end":{"line":10,"column":42}},{"start":{"line":12,"column":4},"end":{"line":13,"column":40}}],"line":8},"2":{"loc":{"start":{"line":24,"column":21},"end":{"line":24,"column":50}},"type":"cond-expr","locations":[{"start":{"line":24,"column":38},"end":{"line":24,"column":43}},{"start":{"line":24,"column":46},"end":{"line":24,"column":50}}],"line":24}},"s":{"0":1,"1":3,"2":1,"3":1,"4":1,"5":1,"6":1,"7":1},"f":{"0":3,"1":1,"2":1},"b":{"0":[1],"1":[1,1],"2":[0,1]},"_coverageSchema":"332fd63041d2c1bcb487cc26dd0d5f7d97098a6c","hash":"a3e86093a11dec4bda03d8a389678bd7ee69a820"}
,"/home/johnvoon/Concept/concept/src/Authentication/actions.js": {"path":"/home/johnvoon/Concept/concept/src/Authentication/actions.js","statementMap":{"0":{"start":{"line":7,"column":2},"end":{"line":14,"column":4}},"1":{"start":{"line":8,"column":4},"end":{"line":13,"column":41}},"2":{"start":{"line":13,"column":6},"end":{"line":13,"column":39}},"3":{"start":{"line":18,"column":2},"end":{"line":25,"column":4}},"4":{"start":{"line":19,"column":4},"end":{"line":24,"column":7}},"5":{"start":{"line":21,"column":6},"end":{"line":23,"column":9}},"6":{"start":{"line":29,"column":2},"end":{"line":34,"column":4}},"7":{"start":{"line":30,"column":4},"end":{"line":33,"column":6}},"8":{"start":{"line":38,"column":2},"end":{"line":40,"column":4}},"9":{"start":{"line":39,"column":4},"end":{"line":39,"column":46}},"10":{"start":{"line":44,"column":2},"end":{"line":47,"column":4}},"11":{"start":{"line":51,"column":2},"end":{"line":54,"column":4}},"12":{"start":{"line":58,"column":2},"end":{"line":60,"column":4}}},"fnMap":{"0":{"name":"getJWT","decl":{"start":{"line":6,"column":16},"end":{"line":6,"column":22}},"loc":{"start":{"line":6,"column":29},"end":{"line":15,"column":1}},"line":6},"1":{"name":"(anonymous_1)","decl":{"start":{"line":7,"column":9},"end":{"line":7,"column":10}},"loc":{"start":{"line":7,"column":21},"end":{"line":14,"column":3}},"line":7},"2":{"name":"(anonymous_2)","decl":{"start":{"line":12,"column":10},"end":{"line":12,"column":11}},"loc":{"start":{"line":13,"column":6},"end":{"line":13,"column":39}},"line":13},"3":{"name":"fetchCurrentUser","decl":{"start":{"line":17,"column":16},"end":{"line":17,"column":32}},"loc":{"start":{"line":17,"column":35},"end":{"line":26,"column":1}},"line":17},"4":{"name":"(anonymous_4)","decl":{"start":{"line":18,"column":9},"end":{"line":18,"column":10}},"loc":{"start":{"line":18,"column":21},"end":{"line":25,"column":3}},"line":18},"5":{"name":"(anonymous_5)","decl":{"start":{"line":20,"column":10},"end":{"line":20,"column":11}},"loc":{"start":{"line":20,"column":37},"end":{"line":24,"column":5}},"line":20},"6":{"name":"loginUser","decl":{"start":{"line":28,"column":16},"end":{"line":28,"column":25}},"loc":{"start":{"line":28,"column":35},"end":{"line":35,"column":1}},"line":28},"7":{"name":"(anonymous_7)","decl":{"start":{"line":29,"column":9},"end":{"line":29,"column":10}},"loc":{"start":{"line":29,"column":23},"end":{"line":34,"column":3}},"line":29},"8":{"name":"logoutUser","decl":{"start":{"line":37,"column":16},"end":{"line":37,"column":26}},"loc":{"start":{"line":37,"column":29},"end":{"line":41,"column":1}},"line":37},"9":{"name":"(anonymous_9)","decl":{"start":{"line":38,"column":9},"end":{"line":38,"column":10}},"loc":{"start":{"line":38,"column":23},"end":{"line":40,"column":3}},"line":38},"10":{"name":"currentUserLoaded","decl":{"start":{"line":43,"column":16},"end":{"line":43,"column":33}},"loc":{"start":{"line":43,"column":47},"end":{"line":48,"column":1}},"line":43},"11":{"name":"JWTLoaded","decl":{"start":{"line":50,"column":16},"end":{"line":50,"column":25}},"loc":{"start":{"line":50,"column":31},"end":{"line":55,"column":1}},"line":50},"12":{"name":"removeJWT","decl":{"start":{"line":57,"column":16},"end":{"line":57,"column":25}},"loc":{"start":{"line":57,"column":28},"end":{"line":61,"column":1}},"line":57}},"branchMap":{},"s":{"0":0,"1":0,"2":0,"3":0,"4":0,"5":0,"6":0,"7":0,"8":0,"9":0,"10":0,"11":0,"12":0},"f":{"0":0,"1":0,"2":0,"3":0,"4":0,"5":0,"6":0,"7":0,"8":0,"9":0,"10":0,"11":0,"12":0},"b":{},"_coverageSchema":"332fd63041d2c1bcb487cc26dd0d5f7d97098a6c","hash":"83b1021b04b3fba38c29dd5f8687f59a495576d6"}
,"/home/johnvoon/Concept/concept/src/BlogHome/actions.js": {"path":"/home/johnvoon/Concept/concept/src/BlogHome/actions.js","statementMap":{"0":{"start":{"line":11,"column":2},"end":{"line":13,"column":4}},"1":{"start":{"line":17,"column":2},"end":{"line":20,"column":4}},"2":{"start":{"line":24,"column":2},"end":{"line":27,"column":4}},"3":{"start":{"line":31,"column":2},"end":{"line":34,"column":4}},"4":{"start":{"line":38,"column":2},"end":{"line":41,"column":4}},"5":{"start":{"line":45,"column":2},"end":{"line":48,"column":4}}},"fnMap":{"0":{"name":"showAllPosts","decl":{"start":{"line":10,"column":16},"end":{"line":10,"column":28}},"loc":{"start":{"line":10,"column":31},"end":{"line":14,"column":1}},"line":10},"1":{"name":"sortPosts","decl":{"start":{"line":16,"column":16},"end":{"line":16,"column":25}},"loc":{"start":{"line":16,"column":34},"end":{"line":21,"column":1}},"line":16},"2":{"name":"filterPostsByKeyword","decl":{"start":{"line":23,"column":16},"end":{"line":23,"column":36}},"loc":{"start":{"line":23,"column":44},"end":{"line":28,"column":1}},"line":23},"3":{"name":"filterByArea","decl":{"start":{"line":30,"column":16},"end":{"line":30,"column":28}},"loc":{"start":{"line":30,"column":35},"end":{"line":35,"column":1}},"line":30},"4":{"name":"filterByAuthor","decl":{"start":{"line":37,"column":16},"end":{"line":37,"column":30}},"loc":{"start":{"line":37,"column":39},"end":{"line":42,"column":1}},"line":37},"5":{"name":"loadMore","decl":{"start":{"line":44,"column":16},"end":{"line":44,"column":24}},"loc":{"start":{"line":44,"column":42},"end":{"line":49,"column":1}},"line":44}},"branchMap":{},"s":{"0":4,"1":4,"2":4,"3":4,"4":4,"5":5},"f":{"0":4,"1":4,"2":4,"3":4,"4":4,"5":5},"b":{},"_coverageSchema":"332fd63041d2c1bcb487cc26dd0d5f7d97098a6c","hash":"67c009be963a861b21f647a963548304bc7dde70"}
,"/home/johnvoon/Concept/concept/src/BlogHome/index.js": {"path":"/home/johnvoon/Concept/concept/src/BlogHome/index.js","statementMap":{"0":{"start":{"line":23,"column":24},"end":{"line":32,"column":1}},"1":{"start":{"line":24,"column":33},"end":{"line":24,"column":38}},"2":{"start":{"line":26,"column":2},"end":{"line":31,"column":4}},"3":{"start":{"line":34,"column":34},"end":{"line":70,"column":2}},"4":{"start":{"line":34,"column":49},"end":{"line":70,"column":1}},"5":{"start":{"line":36,"column":4},"end":{"line":36,"column":27}},"6":{"start":{"line":40,"column":4},"end":{"line":40,"column":35}},"7":{"start":{"line":44,"column":4},"end":{"line":44,"column":27}},"8":{"start":{"line":48,"column":4},"end":{"line":48,"column":42}},"9":{"start":{"line":52,"column":4},"end":{"line":52,"column":29}},"10":{"start":{"line":56,"column":4},"end":{"line":56,"column":32}},"11":{"start":{"line":60,"column":4},"end":{"line":60,"column":37}},"12":{"start":{"line":64,"column":4},"end":{"line":64,"column":39}},"13":{"start":{"line":68,"column":4},"end":{"line":68,"column":40}},"14":{"start":{"line":74,"column":4},"end":{"line":74,"column":17}},"15":{"start":{"line":75,"column":4},"end":{"line":80,"column":6}},"16":{"start":{"line":81,"column":4},"end":{"line":81,"column":57}},"17":{"start":{"line":82,"column":4},"end":{"line":82,"column":57}},"18":{"start":{"line":83,"column":4},"end":{"line":83,"column":61}},"19":{"start":{"line":88,"column":23},"end":{"line":88,"column":33}},"20":{"start":{"line":90,"column":4},"end":{"line":90,"column":19}},"21":{"start":{"line":91,"column":4},"end":{"line":91,"column":27}},"22":{"start":{"line":92,"column":4},"end":{"line":92,"column":19}},"23":{"start":{"line":96,"column":4},"end":{"line":98,"column":7}},"24":{"start":{"line":102,"column":4},"end":{"line":104,"column":7}},"25":{"start":{"line":108,"column":4},"end":{"line":110,"column":7}},"26":{"start":{"line":114,"column":31},"end":{"line":114,"column":41}},"27":{"start":{"line":116,"column":4},"end":{"line":116,"column":27}},"28":{"start":{"line":117,"column":4},"end":{"line":117,"column":21}},"29":{"start":{"line":118,"column":4},"end":{"line":122,"column":6}},"30":{"start":{"line":126,"column":28},"end":{"line":126,"column":38}},"31":{"start":{"line":128,"column":4},"end":{"line":128,"column":27}},"32":{"start":{"line":129,"column":4},"end":{"line":129,"column":24}},"33":{"start":{"line":130,"column":4},"end":{"line":134,"column":6}},"34":{"start":{"line":138,"column":46},"end":{"line":138,"column":56}},"35":{"start":{"line":140,"column":4},"end":{"line":140,"column":27}},"36":{"start":{"line":141,"column":4},"end":{"line":141,"column":43}},"37":{"start":{"line":142,"column":4},"end":{"line":146,"column":6}},"38":{"start":{"line":150,"column":40},"end":{"line":150,"column":50}},"39":{"start":{"line":152,"column":4},"end":{"line":152,"column":27}},"40":{"start":{"line":153,"column":4},"end":{"line":153,"column":37}},"41":{"start":{"line":154,"column":4},"end":{"line":158,"column":6}},"42":{"start":{"line":164,"column":33},"end":{"line":164,"column":43}},"43":{"start":{"line":165,"column":51},"end":{"line":165,"column":61}},"44":{"start":{"line":167,"column":25},"end":{"line":167,"column":35}},"45":{"start":{"line":168,"column":22},"end":{"line":174,"column":6}},"46":{"start":{"line":169,"column":6},"end":{"line":173,"column":8}},"47":{"start":{"line":176,"column":25},"end":{"line":183,"column":5}},"48":{"start":{"line":177,"column":6},"end":{"line":182,"column":8}},"49":{"start":{"line":181,"column":34},"end":{"line":181,"column":69}},"50":{"start":{"line":185,"column":22},"end":{"line":192,"column":6}},"51":{"start":{"line":186,"column":6},"end":{"line":191,"column":8}},"52":{"start":{"line":190,"column":34},"end":{"line":190,"column":73}},"53":{"start":{"line":194,"column":22},"end":{"line":204,"column":6}},"54":{"start":{"line":195,"column":6},"end":{"line":203,"column":7}},"55":{"start":{"line":196,"column":8},"end":{"line":202,"column":10}},"56":{"start":{"line":201,"column":36},"end":{"line":201,"column":71}},"57":{"start":{"line":206,"column":24},"end":{"line":214,"column":6}},"58":{"start":{"line":207,"column":6},"end":{"line":213,"column":8}},"59":{"start":{"line":212,"column":34},"end":{"line":212,"column":71}},"60":{"start":{"line":216,"column":4},"end":{"line":284,"column":6}},"61":{"start":{"line":265,"column":29},"end":{"line":265,"column":56}},"62":{"start":{"line":273,"column":34},"end":{"line":273,"column":91}},"63":{"start":{"line":288,"column":0},"end":{"line":306,"column":2}}},"fnMap":{"0":{"name":"(anonymous_0)","decl":{"start":{"line":23,"column":24},"end":{"line":23,"column":25}},"loc":{"start":{"line":23,"column":35},"end":{"line":32,"column":1}},"line":23},"1":{"name":"(anonymous_1)","decl":{"start":{"line":34,"column":34},"end":{"line":34,"column":35}},"loc":{"start":{"line":34,"column":49},"end":{"line":70,"column":1}},"line":34},"2":{"name":"(anonymous_2)","decl":{"start":{"line":35,"column":16},"end":{"line":35,"column":17}},"loc":{"start":{"line":35,"column":22},"end":{"line":37,"column":3}},"line":35},"3":{"name":"(anonymous_3)","decl":{"start":{"line":39,"column":24},"end":{"line":39,"column":25}},"loc":{"start":{"line":39,"column":30},"end":{"line":41,"column":3}},"line":39},"4":{"name":"(anonymous_4)","decl":{"start":{"line":43,"column":16},"end":{"line":43,"column":17}},"loc":{"start":{"line":43,"column":22},"end":{"line":45,"column":3}},"line":43},"5":{"name":"(anonymous_5)","decl":{"start":{"line":47,"column":26},"end":{"line":47,"column":27}},"loc":{"start":{"line":47,"column":49},"end":{"line":49,"column":3}},"line":47},"6":{"name":"(anonymous_6)","decl":{"start":{"line":51,"column":18},"end":{"line":51,"column":19}},"loc":{"start":{"line":51,"column":24},"end":{"line":53,"column":3}},"line":51},"7":{"name":"(anonymous_7)","decl":{"start":{"line":55,"column":15},"end":{"line":55,"column":16}},"loc":{"start":{"line":55,"column":27},"end":{"line":57,"column":3}},"line":55},"8":{"name":"(anonymous_8)","decl":{"start":{"line":59,"column":18},"end":{"line":59,"column":19}},"loc":{"start":{"line":59,"column":32},"end":{"line":61,"column":3}},"line":59},"9":{"name":"(anonymous_9)","decl":{"start":{"line":63,"column":20},"end":{"line":63,"column":21}},"loc":{"start":{"line":63,"column":34},"end":{"line":65,"column":3}},"line":63},"10":{"name":"(anonymous_10)","decl":{"start":{"line":67,"column":14},"end":{"line":67,"column":15}},"loc":{"start":{"line":67,"column":35},"end":{"line":69,"column":3}},"line":67},"11":{"name":"(anonymous_11)","decl":{"start":{"line":73,"column":2},"end":{"line":73,"column":3}},"loc":{"start":{"line":73,"column":21},"end":{"line":84,"column":3}},"line":73},"12":{"name":"(anonymous_12)","decl":{"start":{"line":86,"column":2},"end":{"line":86,"column":3}},"loc":{"start":{"line":86,"column":22},"end":{"line":93,"column":3}},"line":86},"13":{"name":"(anonymous_13)","decl":{"start":{"line":95,"column":2},"end":{"line":95,"column":3}},"loc":{"start":{"line":95,"column":19},"end":{"line":99,"column":3}},"line":95},"14":{"name":"(anonymous_14)","decl":{"start":{"line":101,"column":2},"end":{"line":101,"column":3}},"loc":{"start":{"line":101,"column":19},"end":{"line":105,"column":3}},"line":101},"15":{"name":"(anonymous_15)","decl":{"start":{"line":107,"column":2},"end":{"line":107,"column":3}},"loc":{"start":{"line":107,"column":21},"end":{"line":111,"column":3}},"line":107},"16":{"name":"(anonymous_16)","decl":{"start":{"line":113,"column":2},"end":{"line":113,"column":3}},"loc":{"start":{"line":113,"column":33},"end":{"line":123,"column":3}},"line":113},"17":{"name":"(anonymous_17)","decl":{"start":{"line":125,"column":2},"end":{"line":125,"column":3}},"loc":{"start":{"line":125,"column":37},"end":{"line":135,"column":3}},"line":125},"18":{"name":"(anonymous_18)","decl":{"start":{"line":137,"column":2},"end":{"line":137,"column":3}},"loc":{"start":{"line":137,"column":33},"end":{"line":147,"column":3}},"line":137},"19":{"name":"(anonymous_19)","decl":{"start":{"line":149,"column":2},"end":{"line":149,"column":3}},"loc":{"start":{"line":149,"column":35},"end":{"line":159,"column":3}},"line":149},"20":{"name":"(anonymous_20)","decl":{"start":{"line":161,"column":2},"end":{"line":161,"column":3}},"loc":{"start":{"line":161,"column":11},"end":{"line":285,"column":3}},"line":161},"21":{"name":"(anonymous_21)","decl":{"start":{"line":168,"column":41},"end":{"line":168,"column":42}},"loc":{"start":{"line":168,"column":49},"end":{"line":174,"column":5}},"line":168},"22":{"name":"(anonymous_22)","decl":{"start":{"line":176,"column":25},"end":{"line":176,"column":26}},"loc":{"start":{"line":176,"column":31},"end":{"line":183,"column":5}},"line":176},"23":{"name":"(anonymous_23)","decl":{"start":{"line":181,"column":23},"end":{"line":181,"column":24}},"loc":{"start":{"line":181,"column":34},"end":{"line":181,"column":69}},"line":181},"24":{"name":"(anonymous_24)","decl":{"start":{"line":185,"column":57},"end":{"line":185,"column":58}},"loc":{"start":{"line":185,"column":67},"end":{"line":192,"column":5}},"line":185},"25":{"name":"(anonymous_25)","decl":{"start":{"line":190,"column":23},"end":{"line":190,"column":24}},"loc":{"start":{"line":190,"column":34},"end":{"line":190,"column":73}},"line":190},"26":{"name":"(anonymous_26)","decl":{"start":{"line":194,"column":53},"end":{"line":194,"column":54}},"loc":{"start":{"line":194,"column":61},"end":{"line":204,"column":5}},"line":194},"27":{"name":"(anonymous_27)","decl":{"start":{"line":201,"column":25},"end":{"line":201,"column":26}},"loc":{"start":{"line":201,"column":36},"end":{"line":201,"column":71}},"line":201},"28":{"name":"(anonymous_28)","decl":{"start":{"line":206,"column":47},"end":{"line":206,"column":48}},"loc":{"start":{"line":206,"column":55},"end":{"line":214,"column":5}},"line":206},"29":{"name":"(anonymous_29)","decl":{"start":{"line":212,"column":23},"end":{"line":212,"column":24}},"loc":{"start":{"line":212,"column":34},"end":{"line":212,"column":71}},"line":212},"30":{"name":"(anonymous_30)","decl":{"start":{"line":265,"column":21},"end":{"line":265,"column":22}},"loc":{"start":{"line":265,"column":29},"end":{"line":265,"column":56}},"line":265},"31":{"name":"(anonymous_31)","decl":{"start":{"line":273,"column":28},"end":{"line":273,"column":29}},"loc":{"start":{"line":273,"column":34},"end":{"line":273,"column":91}},"line":273}},"branchMap":{"0":{"loc":{"start":{"line":97,"column":20},"end":{"line":97,"column":58}},"type":"cond-expr","locations":[{"start":{"line":97,"column":46},"end":{"line":97,"column":51}},{"start":{"line":97,"column":54},"end":{"line":97,"column":58}}],"line":97},"1":{"loc":{"start":{"line":103,"column":20},"end":{"line":103,"column":58}},"type":"cond-expr","locations":[{"start":{"line":103,"column":46},"end":{"line":103,"column":51}},{"start":{"line":103,"column":54},"end":{"line":103,"column":58}}],"line":103},"2":{"loc":{"start":{"line":109,"column":22},"end":{"line":109,"column":62}},"type":"cond-expr","locations":[{"start":{"line":109,"column":50},"end":{"line":109,"column":55}},{"start":{"line":109,"column":58},"end":{"line":109,"column":62}}],"line":109},"3":{"loc":{"start":{"line":195,"column":6},"end":{"line":203,"column":7}},"type":"if","locations":[{"start":{"line":195,"column":6},"end":{"line":203,"column":7}},{"start":{"line":195,"column":6},"end":{"line":203,"column":7}}],"line":195},"4":{"loc":{"start":{"line":237,"column":11},"end":{"line":280,"column":25}},"type":"cond-expr","locations":[{"start":{"line":238,"column":10},"end":{"line":280,"column":16}},{"start":{"line":280,"column":19},"end":{"line":280,"column":25}}],"line":237},"5":{"loc":{"start":{"line":267,"column":18},"end":{"line":270,"column":29}},"type":"cond-expr","locations":[{"start":{"line":267,"column":47},"end":{"line":267,"column":59}},{"start":{"line":268,"column":18},"end":{"line":270,"column":29}}],"line":267},"6":{"loc":{"start":{"line":268,"column":18},"end":{"line":270,"column":29}},"type":"cond-expr","locations":[{"start":{"line":268,"column":49},"end":{"line":268,"column":75}},{"start":{"line":269,"column":18},"end":{"line":270,"column":29}}],"line":268},"7":{"loc":{"start":{"line":269,"column":18},"end":{"line":270,"column":29}},"type":"cond-expr","locations":[{"start":{"line":269,"column":50},"end":{"line":269,"column":90}},{"start":{"line":270,"column":18},"end":{"line":270,"column":29}}],"line":269},"8":{"loc":{"start":{"line":273,"column":34},"end":{"line":273,"column":91}},"type":"binary-expr","locations":[{"start":{"line":273,"column":34},"end":{"line":273,"column":60}},{"start":{"line":273,"column":64},"end":{"line":273,"column":91}}],"line":273}},"s":{"0":1,"1":0,"2":0,"3":1,"4":18,"5":1,"6":1,"7":1,"8":1,"9":1,"10":1,"11":1,"12":1,"13":1,"14":15,"15":15,"16":15,"17":15,"18":15,"19":15,"20":15,"21":15,"22":15,"23":1,"24":1,"25":1,"26":2,"27":2,"28":2,"29":2,"30":1,"31":1,"32":1,"33":1,"34":1,"35":1,"36":1,"37":1,"38":1,"39":1,"40":1,"41":1,"42":26,"43":26,"44":26,"45":26,"46":125,"47":26,"48":50,"49":2,"50":26,"51":78,"52":1,"53":26,"54":100,"55":100,"56":1,"57":26,"58":575,"59":1,"60":26,"61":36,"62":25,"63":1},"f":{"0":0,"1":18,"2":1,"3":1,"4":1,"5":1,"6":1,"7":1,"8":1,"9":1,"10":1,"11":15,"12":15,"13":1,"14":1,"15":1,"16":2,"17":1,"18":1,"19":1,"20":26,"21":125,"22":50,"23":2,"24":78,"25":1,"26":100,"27":1,"28":575,"29":1,"30":36,"31":25},"b":{"0":[0,1],"1":[0,1],"2":[0,1],"3":[100,0],"4":[25,1],"5":[0,25],"6":[0,25],"7":[0,25],"8":[25,25]},"_coverageSchema":"332fd63041d2c1bcb487cc26dd0d5f7d97098a6c","hash":"b23288a8766a6b18e19342b312e0b0f76d1594c4"}
,"/home/johnvoon/Concept/concept/src/BlogHome/reducer.js": {"path":"/home/johnvoon/Concept/concept/src/BlogHome/reducer.js","statementMap":{"0":{"start":{"line":9,"column":21},"end":{"line":16,"column":1}},"1":{"start":{"line":19,"column":2},"end":{"line":34,"column":3}},"2":{"start":{"line":21,"column":6},"end":{"line":21,"column":40}},"3":{"start":{"line":23,"column":6},"end":{"line":23,"column":41}},"4":{"start":{"line":25,"column":6},"end":{"line":25,"column":38}},"5":{"start":{"line":27,"column":6},"end":{"line":27,"column":49}},"6":{"start":{"line":29,"column":6},"end":{"line":29,"column":41}},"7":{"start":{"line":31,"column":6},"end":{"line":31,"column":43}},"8":{"start":{"line":33,"column":6},"end":{"line":33,"column":37}},"9":{"start":{"line":36,"column":2},"end":{"line":36,"column":15}},"10":{"start":{"line":40,"column":2},"end":{"line":44,"column":4}},"11":{"start":{"line":48,"column":2},"end":{"line":51,"column":4}},"12":{"start":{"line":55,"column":2},"end":{"line":61,"column":4}},"13":{"start":{"line":65,"column":2},"end":{"line":71,"column":4}},"14":{"start":{"line":75,"column":2},"end":{"line":81,"column":4}},"15":{"start":{"line":85,"column":2},"end":{"line":91,"column":4}},"16":{"start":{"line":95,"column":24},"end":{"line":95,"column":29}},"17":{"start":{"line":96,"column":2},"end":{"line":102,"column":3}},"18":{"start":{"line":97,"column":4},"end":{"line":101,"column":6}},"19":{"start":{"line":104,"column":2},"end":{"line":107,"column":4}}},"fnMap":{"0":{"name":"blogHomeReducer","decl":{"start":{"line":18,"column":24},"end":{"line":18,"column":39}},"loc":{"start":{"line":18,"column":70},"end":{"line":37,"column":1}},"line":18},"1":{"name":"postsLoaded","decl":{"start":{"line":39,"column":9},"end":{"line":39,"column":20}},"loc":{"start":{"line":39,"column":41},"end":{"line":45,"column":1}},"line":39},"2":{"name":"sortPosts","decl":{"start":{"line":47,"column":9},"end":{"line":47,"column":18}},"loc":{"start":{"line":47,"column":38},"end":{"line":52,"column":1}},"line":47},"3":{"name":"filterPostsByKeyword","decl":{"start":{"line":54,"column":9},"end":{"line":54,"column":29}},"loc":{"start":{"line":54,"column":47},"end":{"line":62,"column":1}},"line":54},"4":{"name":"showAllPosts","decl":{"start":{"line":64,"column":9},"end":{"line":64,"column":21}},"loc":{"start":{"line":64,"column":37},"end":{"line":72,"column":1}},"line":64},"5":{"name":"filterByArea","decl":{"start":{"line":74,"column":9},"end":{"line":74,"column":21}},"loc":{"start":{"line":74,"column":39},"end":{"line":82,"column":1}},"line":74},"6":{"name":"filterByAuthor","decl":{"start":{"line":84,"column":9},"end":{"line":84,"column":23}},"loc":{"start":{"line":84,"column":43},"end":{"line":92,"column":1}},"line":84},"7":{"name":"loadMore","decl":{"start":{"line":94,"column":9},"end":{"line":94,"column":17}},"loc":{"start":{"line":94,"column":46},"end":{"line":108,"column":1}},"line":94}},"branchMap":{"0":{"loc":{"start":{"line":18,"column":40},"end":{"line":18,"column":60}},"type":"default-arg","locations":[{"start":{"line":18,"column":48},"end":{"line":18,"column":60}}],"line":18},"1":{"loc":{"start":{"line":19,"column":2},"end":{"line":34,"column":3}},"type":"switch","locations":[{"start":{"line":20,"column":4},"end":{"line":21,"column":40}},{"start":{"line":22,"column":4},"end":{"line":23,"column":41}},{"start":{"line":24,"column":4},"end":{"line":25,"column":38}},{"start":{"line":26,"column":4},"end":{"line":27,"column":49}},{"start":{"line":28,"column":4},"end":{"line":29,"column":41}},{"start":{"line":30,"column":4},"end":{"line":31,"column":43}},{"start":{"line":32,"column":4},"end":{"line":33,"column":37}}],"line":19},"2":{"loc":{"start":{"line":96,"column":2},"end":{"line":102,"column":3}},"type":"if","locations":[{"start":{"line":96,"column":2},"end":{"line":102,"column":3}},{"start":{"line":96,"column":2},"end":{"line":102,"column":3}}],"line":96}},"s":{"0":1,"1":9,"2":1,"3":1,"4":1,"5":1,"6":1,"7":1,"8":2,"9":1,"10":1,"11":1,"12":1,"13":1,"14":1,"15":1,"16":2,"17":2,"18":1,"19":1},"f":{"0":9,"1":1,"2":1,"3":1,"4":1,"5":1,"6":1,"7":2},"b":{"0":[1],"1":[1,1,1,1,1,1,2],"2":[1,1]},"_coverageSchema":"332fd63041d2c1bcb487cc26dd0d5f7d97098a6c","hash":"7a3088f14f0e2ffdeb97d8e6fd35c6d66b228544"}
,"/home/johnvoon/Concept/concept/src/BlogHome/selectors.js": {"path":"/home/johnvoon/Concept/concept/src/BlogHome/selectors.js","statementMap":{"0":{"start":{"line":5,"column":30},"end":{"line":6,"column":16}},"1":{"start":{"line":6,"column":2},"end":{"line":6,"column":16}},"2":{"start":{"line":8,"column":27},"end":{"line":9,"column":22}},"3":{"start":{"line":9,"column":2},"end":{"line":9,"column":22}},"4":{"start":{"line":11,"column":29},"end":{"line":14,"column":1}},"5":{"start":{"line":13,"column":16},"end":{"line":13,"column":32}},"6":{"start":{"line":16,"column":28},"end":{"line":19,"column":1}},"7":{"start":{"line":18,"column":16},"end":{"line":18,"column":31}},"8":{"start":{"line":21,"column":34},"end":{"line":24,"column":1}},"9":{"start":{"line":23,"column":16},"end":{"line":23,"column":38}},"10":{"start":{"line":26,"column":34},"end":{"line":29,"column":1}},"11":{"start":{"line":28,"column":16},"end":{"line":28,"column":37}},"12":{"start":{"line":31,"column":31},"end":{"line":34,"column":1}},"13":{"start":{"line":33,"column":16},"end":{"line":33,"column":34}},"14":{"start":{"line":36,"column":37},"end":{"line":59,"column":1}},"15":{"start":{"line":39,"column":4},"end":{"line":57,"column":5}},"16":{"start":{"line":40,"column":6},"end":{"line":40,"column":47}},"17":{"start":{"line":41,"column":11},"end":{"line":57,"column":5}},"18":{"start":{"line":42,"column":6},"end":{"line":46,"column":8}},"19":{"start":{"line":47,"column":11},"end":{"line":57,"column":5}},"20":{"start":{"line":48,"column":6},"end":{"line":51,"column":17}},"21":{"start":{"line":50,"column":14},"end":{"line":50,"column":47}},"22":{"start":{"line":52,"column":11},"end":{"line":57,"column":5}},"23":{"start":{"line":53,"column":6},"end":{"line":56,"column":17}},"24":{"start":{"line":55,"column":14},"end":{"line":55,"column":53}},"25":{"start":{"line":61,"column":36},"end":{"line":65,"column":1}},"26":{"start":{"line":64,"column":4},"end":{"line":64,"column":39}}},"fnMap":{"0":{"name":"(anonymous_0)","decl":{"start":{"line":5,"column":30},"end":{"line":5,"column":31}},"loc":{"start":{"line":6,"column":2},"end":{"line":6,"column":16}},"line":6},"1":{"name":"(anonymous_1)","decl":{"start":{"line":8,"column":27},"end":{"line":8,"column":28}},"loc":{"start":{"line":9,"column":2},"end":{"line":9,"column":22}},"line":9},"2":{"name":"(anonymous_2)","decl":{"start":{"line":13,"column":2},"end":{"line":13,"column":3}},"loc":{"start":{"line":13,"column":16},"end":{"line":13,"column":32}},"line":13},"3":{"name":"(anonymous_3)","decl":{"start":{"line":18,"column":2},"end":{"line":18,"column":3}},"loc":{"start":{"line":18,"column":16},"end":{"line":18,"column":31}},"line":18},"4":{"name":"(anonymous_4)","decl":{"start":{"line":23,"column":2},"end":{"line":23,"column":3}},"loc":{"start":{"line":23,"column":16},"end":{"line":23,"column":38}},"line":23},"5":{"name":"(anonymous_5)","decl":{"start":{"line":28,"column":2},"end":{"line":28,"column":3}},"loc":{"start":{"line":28,"column":16},"end":{"line":28,"column":37}},"line":28},"6":{"name":"(anonymous_6)","decl":{"start":{"line":33,"column":2},"end":{"line":33,"column":3}},"loc":{"start":{"line":33,"column":16},"end":{"line":33,"column":34}},"line":33},"7":{"name":"(anonymous_7)","decl":{"start":{"line":38,"column":2},"end":{"line":38,"column":3}},"loc":{"start":{"line":38,"column":59},"end":{"line":58,"column":3}},"line":38},"8":{"name":"(anonymous_8)","decl":{"start":{"line":50,"column":8},"end":{"line":50,"column":9}},"loc":{"start":{"line":50,"column":14},"end":{"line":50,"column":47}},"line":50},"9":{"name":"(anonymous_9)","decl":{"start":{"line":55,"column":8},"end":{"line":55,"column":9}},"loc":{"start":{"line":55,"column":14},"end":{"line":55,"column":53}},"line":55},"10":{"name":"(anonymous_10)","decl":{"start":{"line":63,"column":2},"end":{"line":63,"column":3}},"loc":{"start":{"line":64,"column":4},"end":{"line":64,"column":39}},"line":64}},"branchMap":{"0":{"loc":{"start":{"line":39,"column":4},"end":{"line":57,"column":5}},"type":"if","locations":[{"start":{"line":39,"column":4},"end":{"line":57,"column":5}},{"start":{"line":39,"column":4},"end":{"line":57,"column":5}}],"line":39},"1":{"loc":{"start":{"line":41,"column":11},"end":{"line":57,"column":5}},"type":"if","locations":[{"start":{"line":41,"column":11},"end":{"line":57,"column":5}},{"start":{"line":41,"column":11},"end":{"line":57,"column":5}}],"line":41},"2":{"loc":{"start":{"line":47,"column":11},"end":{"line":57,"column":5}},"type":"if","locations":[{"start":{"line":47,"column":11},"end":{"line":57,"column":5}},{"start":{"line":47,"column":11},"end":{"line":57,"column":5}}],"line":47},"3":{"loc":{"start":{"line":52,"column":11},"end":{"line":57,"column":5}},"type":"if","locations":[{"start":{"line":52,"column":11},"end":{"line":57,"column":5}},{"start":{"line":52,"column":11},"end":{"line":57,"column":5}}],"line":52}},"s":{"0":2,"1":28,"2":2,"3":6,"4":2,"5":6,"6":2,"7":6,"8":2,"9":6,"10":2,"11":6,"12":2,"13":2,"14":2,"15":5,"16":2,"17":3,"18":1,"19":2,"20":1,"21":10,"22":1,"23":1,"24":10,"25":2,"26":1},"f":{"0":28,"1":6,"2":6,"3":6,"4":6,"5":6,"6":2,"7":5,"8":10,"9":10,"10":1},"b":{"0":[2,3],"1":[1,2],"2":[1,1],"3":[1,0]},"_coverageSchema":"332fd63041d2c1bcb487cc26dd0d5f7d97098a6c","hash":"a1cb41cb0870bd516f9dc3d2ca54a70ac96a0727"}
,"/home/johnvoon/Concept/concept/src/Entities/PostsActions.js": {"path":"/home/johnvoon/Concept/concept/src/Entities/PostsActions.js","statementMap":{"0":{"start":{"line":12,"column":2},"end":{"line":29,"column":4}},"1":{"start":{"line":13,"column":4},"end":{"line":28,"column":7}},"2":{"start":{"line":15,"column":25},"end":{"line":15,"column":65}},"3":{"start":{"line":17,"column":6},"end":{"line":27,"column":7}},"4":{"start":{"line":18,"column":8},"end":{"line":21,"column":11}},"5":{"start":{"line":23,"column":8},"end":{"line":26,"column":11}},"6":{"start":{"line":33,"column":2},"end":{"line":43,"column":4}},"7":{"start":{"line":34,"column":4},"end":{"line":42,"column":7}},"8":{"start":{"line":36,"column":25},"end":{"line":36,"column":64}},"9":{"start":{"line":38,"column":6},"end":{"line":41,"column":9}},"10":{"start":{"line":47,"column":2},"end":{"line":61,"column":4}},"11":{"start":{"line":48,"column":4},"end":{"line":60,"column":7}},"12":{"start":{"line":54,"column":25},"end":{"line":54,"column":64}},"13":{"start":{"line":56,"column":6},"end":{"line":59,"column":18}},"14":{"start":{"line":65,"column":2},"end":{"line":79,"column":4}},"15":{"start":{"line":66,"column":4},"end":{"line":78,"column":7}},"16":{"start":{"line":72,"column":25},"end":{"line":72,"column":64}},"17":{"start":{"line":73,"column":6},"end":{"line":77,"column":9}},"18":{"start":{"line":83,"column":2},"end":{"line":97,"column":4}},"19":{"start":{"line":84,"column":4},"end":{"line":96,"column":7}},"20":{"start":{"line":89,"column":25},"end":{"line":89,"column":65}},"21":{"start":{"line":91,"column":6},"end":{"line":95,"column":9}},"22":{"start":{"line":101,"column":2},"end":{"line":114,"column":4}},"23":{"start":{"line":102,"column":4},"end":{"line":102,"column":20}},"24":{"start":{"line":103,"column":4},"end":{"line":113,"column":7}},"25":{"start":{"line":105,"column":27},"end":{"line":107,"column":8}},"26":{"start":{"line":106,"column":8},"end":{"line":106,"column":72}},"27":{"start":{"line":108,"column":25},"end":{"line":108,"column":72}},"28":{"start":{"line":109,"column":6},"end":{"line":112,"column":9}},"29":{"start":{"line":118,"column":2},"end":{"line":122,"column":4}},"30":{"start":{"line":126,"column":2},"end":{"line":130,"column":4}}},"fnMap":{"0":{"name":"fetchPosts","decl":{"start":{"line":11,"column":16},"end":{"line":11,"column":26}},"loc":{"start":{"line":11,"column":42},"end":{"line":30,"column":1}},"line":11},"1":{"name":"(anonymous_1)","decl":{"start":{"line":12,"column":9},"end":{"line":12,"column":10}},"loc":{"start":{"line":12,"column":21},"end":{"line":29,"column":3}},"line":12},"2":{"name":"(anonymous_2)","decl":{"start":{"line":14,"column":10},"end":{"line":14,"column":11}},"loc":{"start":{"line":14,"column":31},"end":{"line":28,"column":5}},"line":14},"3":{"name":"fetchPost","decl":{"start":{"line":32,"column":16},"end":{"line":32,"column":25}},"loc":{"start":{"line":32,"column":30},"end":{"line":44,"column":1}},"line":32},"4":{"name":"(anonymous_4)","decl":{"start":{"line":33,"column":9},"end":{"line":33,"column":10}},"loc":{"start":{"line":33,"column":23},"end":{"line":43,"column":3}},"line":33},"5":{"name":"(anonymous_5)","decl":{"start":{"line":35,"column":10},"end":{"line":35,"column":11}},"loc":{"start":{"line":35,"column":30},"end":{"line":42,"column":5}},"line":35},"6":{"name":"addPost","decl":{"start":{"line":46,"column":16},"end":{"line":46,"column":23}},"loc":{"start":{"line":46,"column":41},"end":{"line":62,"column":1}},"line":46},"7":{"name":"(anonymous_7)","decl":{"start":{"line":47,"column":9},"end":{"line":47,"column":10}},"loc":{"start":{"line":47,"column":23},"end":{"line":61,"column":3}},"line":47},"8":{"name":"(anonymous_8)","decl":{"start":{"line":53,"column":10},"end":{"line":53,"column":11}},"loc":{"start":{"line":53,"column":30},"end":{"line":60,"column":5}},"line":53},"9":{"name":"editPost","decl":{"start":{"line":64,"column":16},"end":{"line":64,"column":24}},"loc":{"start":{"line":64,"column":46},"end":{"line":80,"column":1}},"line":64},"10":{"name":"(anonymous_10)","decl":{"start":{"line":65,"column":9},"end":{"line":65,"column":10}},"loc":{"start":{"line":65,"column":23},"end":{"line":79,"column":3}},"line":65},"11":{"name":"(anonymous_11)","decl":{"start":{"line":71,"column":10},"end":{"line":71,"column":11}},"loc":{"start":{"line":71,"column":30},"end":{"line":78,"column":5}},"line":71},"12":{"name":"deletePost","decl":{"start":{"line":82,"column":16},"end":{"line":82,"column":26}},"loc":{"start":{"line":82,"column":39},"end":{"line":98,"column":1}},"line":82},"13":{"name":"(anonymous_13)","decl":{"start":{"line":83,"column":9},"end":{"line":83,"column":10}},"loc":{"start":{"line":83,"column":23},"end":{"line":97,"column":3}},"line":83},"14":{"name":"(anonymous_14)","decl":{"start":{"line":88,"column":10},"end":{"line":88,"column":11}},"loc":{"start":{"line":88,"column":31},"end":{"line":96,"column":5}},"line":88},"15":{"name":"fetchRelatedPosts","decl":{"start":{"line":100,"column":16},"end":{"line":100,"column":33}},"loc":{"start":{"line":100,"column":52},"end":{"line":115,"column":1}},"line":100},"16":{"name":"(anonymous_16)","decl":{"start":{"line":101,"column":9},"end":{"line":101,"column":10}},"loc":{"start":{"line":101,"column":21},"end":{"line":114,"column":3}},"line":101},"17":{"name":"(anonymous_17)","decl":{"start":{"line":104,"column":10},"end":{"line":104,"column":11}},"loc":{"start":{"line":104,"column":31},"end":{"line":113,"column":5}},"line":104},"18":{"name":"(anonymous_18)","decl":{"start":{"line":105,"column":40},"end":{"line":105,"column":41}},"loc":{"start":{"line":105,"column":48},"end":{"line":107,"column":7}},"line":105},"19":{"name":"postsLoaded","decl":{"start":{"line":117,"column":16},"end":{"line":117,"column":27}},"loc":{"start":{"line":117,"column":47},"end":{"line":123,"column":1}},"line":117},"20":{"name":"postLoaded","decl":{"start":{"line":125,"column":16},"end":{"line":125,"column":26}},"loc":{"start":{"line":125,"column":41},"end":{"line":131,"column":1}},"line":125}},"branchMap":{"0":{"loc":{"start":{"line":11,"column":27},"end":{"line":11,"column":40}},"type":"default-arg","locations":[{"start":{"line":11,"column":35},"end":{"line":11,"column":40}}],"line":11},"1":{"loc":{"start":{"line":17,"column":6},"end":{"line":27,"column":7}},"type":"if","locations":[{"start":{"line":17,"column":6},"end":{"line":27,"column":7}},{"start":{"line":17,"column":6},"end":{"line":27,"column":7}}],"line":17},"2":{"loc":{"start":{"line":106,"column":15},"end":{"line":106,"column":71}},"type":"binary-expr","locations":[{"start":{"line":106,"column":16},"end":{"line":106,"column":50}},{"start":{"line":106,"column":56},"end":{"line":106,"column":70}}],"line":106}},"s":{"0":2,"1":2,"2":2,"3":2,"4":1,"5":1,"6":1,"7":1,"8":1,"9":1,"10":1,"11":1,"12":1,"13":1,"14":1,"15":1,"16":1,"17":1,"18":1,"19":1,"20":1,"21":1,"22":1,"23":1,"24":1,"25":1,"26":2,"27":1,"28":1,"29":6,"30":3},"f":{"0":2,"1":2,"2":2,"3":1,"4":1,"5":1,"6":1,"7":1,"8":1,"9":1,"10":1,"11":1,"12":1,"13":1,"14":1,"15":1,"16":1,"17":1,"18":2,"19":6,"20":3},"b":{"0":[1],"1":[1,1],"2":[2,2]},"_coverageSchema":"332fd63041d2c1bcb487cc26dd0d5f7d97098a6c","hash":"8c64070d24d115164cf52f3c14178561b9429d56"}
,"/home/johnvoon/Concept/concept/src/Entities/PracticeAreasActions.js": {"path":"/home/johnvoon/Concept/concept/src/Entities/PracticeAreasActions.js","statementMap":{"0":{"start":{"line":11,"column":2},"end":{"line":31,"column":4}},"1":{"start":{"line":12,"column":4},"end":{"line":30,"column":7}},"2":{"start":{"line":14,"column":25},"end":{"line":17,"column":7}},"3":{"start":{"line":19,"column":6},"end":{"line":29,"column":7}},"4":{"start":{"line":20,"column":8},"end":{"line":23,"column":11}},"5":{"start":{"line":25,"column":8},"end":{"line":28,"column":11}},"6":{"start":{"line":35,"column":2},"end":{"line":45,"column":4}},"7":{"start":{"line":36,"column":4},"end":{"line":44,"column":7}},"8":{"start":{"line":38,"column":25},"end":{"line":38,"column":68}},"9":{"start":{"line":39,"column":6},"end":{"line":43,"column":11}},"10":{"start":{"line":49,"column":2},"end":{"line":64,"column":4}},"11":{"start":{"line":50,"column":4},"end":{"line":63,"column":6}},"12":{"start":{"line":56,"column":27},"end":{"line":56,"column":70}},"13":{"start":{"line":57,"column":8},"end":{"line":61,"column":11}},"14":{"start":{"line":68,"column":2},"end":{"line":81,"column":4}},"15":{"start":{"line":69,"column":4},"end":{"line":80,"column":7}},"16":{"start":{"line":75,"column":25},"end":{"line":75,"column":68}},"17":{"start":{"line":76,"column":6},"end":{"line":79,"column":26}},"18":{"start":{"line":85,"column":2},"end":{"line":89,"column":4}},"19":{"start":{"line":93,"column":2},"end":{"line":97,"column":4}}},"fnMap":{"0":{"name":"fetchPracticeAreas","decl":{"start":{"line":10,"column":16},"end":{"line":10,"column":34}},"loc":{"start":{"line":10,"column":50},"end":{"line":32,"column":1}},"line":10},"1":{"name":"(anonymous_1)","decl":{"start":{"line":11,"column":9},"end":{"line":11,"column":10}},"loc":{"start":{"line":11,"column":21},"end":{"line":31,"column":3}},"line":11},"2":{"name":"(anonymous_2)","decl":{"start":{"line":13,"column":10},"end":{"line":13,"column":11}},"loc":{"start":{"line":13,"column":39},"end":{"line":30,"column":5}},"line":13},"3":{"name":"fetchPracticeArea","decl":{"start":{"line":34,"column":16},"end":{"line":34,"column":33}},"loc":{"start":{"line":34,"column":40},"end":{"line":46,"column":1}},"line":34},"4":{"name":"(anonymous_4)","decl":{"start":{"line":35,"column":9},"end":{"line":35,"column":10}},"loc":{"start":{"line":35,"column":23},"end":{"line":45,"column":3}},"line":35},"5":{"name":"(anonymous_5)","decl":{"start":{"line":37,"column":10},"end":{"line":37,"column":11}},"loc":{"start":{"line":37,"column":38},"end":{"line":44,"column":5}},"line":37},"6":{"name":"addPracticeArea","decl":{"start":{"line":48,"column":16},"end":{"line":48,"column":31}},"loc":{"start":{"line":48,"column":49},"end":{"line":65,"column":1}},"line":48},"7":{"name":"(anonymous_7)","decl":{"start":{"line":49,"column":9},"end":{"line":49,"column":10}},"loc":{"start":{"line":49,"column":23},"end":{"line":64,"column":3}},"line":49},"8":{"name":"(anonymous_8)","decl":{"start":{"line":55,"column":10},"end":{"line":55,"column":11}},"loc":{"start":{"line":55,"column":38},"end":{"line":62,"column":7}},"line":55},"9":{"name":"editPracticeArea","decl":{"start":{"line":67,"column":16},"end":{"line":67,"column":32}},"loc":{"start":{"line":67,"column":56},"end":{"line":82,"column":1}},"line":67},"10":{"name":"(anonymous_10)","decl":{"start":{"line":68,"column":9},"end":{"line":68,"column":10}},"loc":{"start":{"line":68,"column":23},"end":{"line":81,"column":3}},"line":68},"11":{"name":"(anonymous_11)","decl":{"start":{"line":74,"column":10},"end":{"line":74,"column":11}},"loc":{"start":{"line":74,"column":38},"end":{"line":80,"column":5}},"line":74},"12":{"name":"practiceAreasLoaded","decl":{"start":{"line":84,"column":16},"end":{"line":84,"column":35}},"loc":{"start":{"line":84,"column":63},"end":{"line":90,"column":1}},"line":84},"13":{"name":"practiceAreaLoaded","decl":{"start":{"line":92,"column":16},"end":{"line":92,"column":34}},"loc":{"start":{"line":92,"column":65},"end":{"line":98,"column":1}},"line":92}},"branchMap":{"0":{"loc":{"start":{"line":10,"column":35},"end":{"line":10,"column":48}},"type":"default-arg","locations":[{"start":{"line":10,"column":43},"end":{"line":10,"column":48}}],"line":10},"1":{"loc":{"start":{"line":19,"column":6},"end":{"line":29,"column":7}},"type":"if","locations":[{"start":{"line":19,"column":6},"end":{"line":29,"column":7}},{"start":{"line":19,"column":6},"end":{"line":29,"column":7}}],"line":19}},"s":{"0":0,"1":0,"2":0,"3":0,"4":0,"5":0,"6":0,"7":0,"8":0,"9":0,"10":0,"11":0,"12":0,"13":0,"14":0,"15":0,"16":0,"17":0,"18":0,"19":0},"f":{"0":0,"1":0,"2":0,"3":0,"4":0,"5":0,"6":0,"7":0,"8":0,"9":0,"10":0,"11":0,"12":0,"13":0},"b":{"0":[0],"1":[0,0]},"_coverageSchema":"332fd63041d2c1bcb487cc26dd0d5f7d97098a6c","hash":"adcade2cf55d390f0ecb21e6b1a3fa423309ab58"}
,"/home/johnvoon/Concept/concept/src/Entities/StaffActions.js": {"path":"/home/johnvoon/Concept/concept/src/Entities/StaffActions.js","statementMap":{"0":{"start":{"line":13,"column":2},"end":{"line":21,"column":4}},"1":{"start":{"line":14,"column":4},"end":{"line":20,"column":7}},"2":{"start":{"line":16,"column":30},"end":{"line":16,"column":68}},"3":{"start":{"line":17,"column":35},"end":{"line":17,"column":77}},"4":{"start":{"line":18,"column":6},"end":{"line":18,"column":78}},"5":{"start":{"line":19,"column":6},"end":{"line":19,"column":93}},"6":{"start":{"line":25,"column":2},"end":{"line":39,"column":4}},"7":{"start":{"line":26,"column":4},"end":{"line":38,"column":6}},"8":{"start":{"line":33,"column":32},"end":{"line":33,"column":61}},"9":{"start":{"line":34,"column":37},"end":{"line":34,"column":70}},"10":{"start":{"line":35,"column":8},"end":{"line":35,"column":55}},"11":{"start":{"line":36,"column":8},"end":{"line":36,"column":64}},"12":{"start":{"line":43,"column":2},"end":{"line":57,"column":4}},"13":{"start":{"line":44,"column":4},"end":{"line":56,"column":6}},"14":{"start":{"line":51,"column":32},"end":{"line":51,"column":61}},"15":{"start":{"line":52,"column":37},"end":{"line":52,"column":70}},"16":{"start":{"line":53,"column":8},"end":{"line":53,"column":56}},"17":{"start":{"line":54,"column":8},"end":{"line":54,"column":65}},"18":{"start":{"line":61,"column":2},"end":{"line":64,"column":4}},"19":{"start":{"line":68,"column":2},"end":{"line":71,"column":4}},"20":{"start":{"line":75,"column":2},"end":{"line":78,"column":4}},"21":{"start":{"line":82,"column":2},"end":{"line":85,"column":4}},"22":{"start":{"line":89,"column":2},"end":{"line":92,"column":4}},"23":{"start":{"line":96,"column":2},"end":{"line":99,"column":4}}},"fnMap":{"0":{"name":"fetchStaff","decl":{"start":{"line":12,"column":16},"end":{"line":12,"column":26}},"loc":{"start":{"line":12,"column":29},"end":{"line":22,"column":1}},"line":12},"1":{"name":"(anonymous_1)","decl":{"start":{"line":13,"column":9},"end":{"line":13,"column":10}},"loc":{"start":{"line":13,"column":21},"end":{"line":21,"column":3}},"line":13},"2":{"name":"(anonymous_2)","decl":{"start":{"line":15,"column":10},"end":{"line":15,"column":11}},"loc":{"start":{"line":15,"column":31},"end":{"line":20,"column":5}},"line":15},"3":{"name":"addStaff","decl":{"start":{"line":24,"column":16},"end":{"line":24,"column":24}},"loc":{"start":{"line":24,"column":42},"end":{"line":40,"column":1}},"line":24},"4":{"name":"(anonymous_4)","decl":{"start":{"line":25,"column":9},"end":{"line":25,"column":10}},"loc":{"start":{"line":25,"column":23},"end":{"line":39,"column":3}},"line":25},"5":{"name":"(anonymous_5)","decl":{"start":{"line":32,"column":6},"end":{"line":32,"column":7}},"loc":{"start":{"line":32,"column":27},"end":{"line":37,"column":7}},"line":32},"6":{"name":"editStaff","decl":{"start":{"line":42,"column":16},"end":{"line":42,"column":25}},"loc":{"start":{"line":42,"column":47},"end":{"line":58,"column":1}},"line":42},"7":{"name":"(anonymous_7)","decl":{"start":{"line":43,"column":9},"end":{"line":43,"column":10}},"loc":{"start":{"line":43,"column":23},"end":{"line":57,"column":3}},"line":43},"8":{"name":"(anonymous_8)","decl":{"start":{"line":50,"column":6},"end":{"line":50,"column":7}},"loc":{"start":{"line":50,"column":27},"end":{"line":55,"column":7}},"line":50},"9":{"name":"staffLoaded","decl":{"start":{"line":60,"column":16},"end":{"line":60,"column":27}},"loc":{"start":{"line":60,"column":38},"end":{"line":65,"column":1}},"line":60},"10":{"name":"staffUsersLoaded","decl":{"start":{"line":67,"column":16},"end":{"line":67,"column":32}},"loc":{"start":{"line":67,"column":43},"end":{"line":72,"column":1}},"line":67},"11":{"name":"staffAdded","decl":{"start":{"line":74,"column":16},"end":{"line":74,"column":26}},"loc":{"start":{"line":74,"column":37},"end":{"line":79,"column":1}},"line":74},"12":{"name":"staffUserAdded","decl":{"start":{"line":81,"column":16},"end":{"line":81,"column":30}},"loc":{"start":{"line":81,"column":41},"end":{"line":86,"column":1}},"line":81},"13":{"name":"staffEdited","decl":{"start":{"line":88,"column":16},"end":{"line":88,"column":27}},"loc":{"start":{"line":88,"column":38},"end":{"line":93,"column":1}},"line":88},"14":{"name":"staffUserEdited","decl":{"start":{"line":95,"column":16},"end":{"line":95,"column":31}},"loc":{"start":{"line":95,"column":42},"end":{"line":100,"column":1}},"line":95}},"branchMap":{},"s":{"0":0,"1":0,"2":0,"3":0,"4":0,"5":0,"6":0,"7":0,"8":0,"9":0,"10":0,"11":0,"12":0,"13":0,"14":0,"15":0,"16":0,"17":0,"18":0,"19":0,"20":0,"21":0,"22":0,"23":0},"f":{"0":0,"1":0,"2":0,"3":0,"4":0,"5":0,"6":0,"7":0,"8":0,"9":0,"10":0,"11":0,"12":0,"13":0,"14":0},"b":{},"_coverageSchema":"332fd63041d2c1bcb487cc26dd0d5f7d97098a6c","hash":"a6f13181bf3aa4cd087e70704edcd40360ca732e"}
,"/home/johnvoon/Concept/concept/src/components/DropdownMenu.js": {"path":"/home/johnvoon/Concept/concept/src/components/DropdownMenu.js","statementMap":{"0":{"start":{"line":6,"column":67},"end":{"line":6,"column":77}},"1":{"start":{"line":8,"column":4},"end":{"line":28,"column":6}},"2":{"start":{"line":32,"column":0},"end":{"line":38,"column":2}}},"fnMap":{"0":{"name":"(anonymous_0)","decl":{"start":{"line":5,"column":2},"end":{"line":5,"column":3}},"loc":{"start":{"line":5,"column":11},"end":{"line":29,"column":3}},"line":5}},"branchMap":{"0":{"loc":{"start":{"line":20,"column":11},"end":{"line":25,"column":23}},"type":"cond-expr","locations":[{"start":{"line":21,"column":12},"end":{"line":24,"column":18}},{"start":{"line":25,"column":14},"end":{"line":25,"column":23}}],"line":20}},"s":{"0":76,"1":76,"2":2},"f":{"0":76},"b":{"0":[11,65]},"_coverageSchema":"332fd63041d2c1bcb487cc26dd0d5f7d97098a6c","hash":"618a1d6edca93831e271f33396cde34b01228871"}
,"/home/johnvoon/Concept/concept/src/components/FilterLink.js": {"path":"/home/johnvoon/Concept/concept/src/components/FilterLink.js","statementMap":{"0":{"start":{"line":5,"column":45},"end":{"line":5,"column":55}},"1":{"start":{"line":7,"column":4},"end":{"line":14,"column":6}},"2":{"start":{"line":18,"column":0},"end":{"line":22,"column":2}}},"fnMap":{"0":{"name":"(anonymous_0)","decl":{"start":{"line":4,"column":2},"end":{"line":4,"column":3}},"loc":{"start":{"line":4,"column":11},"end":{"line":15,"column":3}},"line":4}},"branchMap":{"0":{"loc":{"start":{"line":12,"column":9},"end":{"line":12,"column":62}},"type":"cond-expr","locations":[{"start":{"line":12,"column":17},"end":{"line":12,"column":55}},{"start":{"line":12,"column":58},"end":{"line":12,"column":62}}],"line":12}},"s":{"0":129,"1":129,"2":2},"f":{"0":129},"b":{"0":[117,12]},"_coverageSchema":"332fd63041d2c1bcb487cc26dd0d5f7d97098a6c","hash":"39a50e3f8439017a1b4cc284ecc57bbb5ed4820d"}
,"/home/johnvoon/Concept/concept/src/components/Footer.js": {"path":"/home/johnvoon/Concept/concept/src/components/Footer.js","statementMap":{"0":{"start":{"line":4,"column":15},"end":{"line":36,"column":1}},"1":{"start":{"line":5,"column":2},"end":{"line":35,"column":4}}},"fnMap":{"0":{"name":"(anonymous_0)","decl":{"start":{"line":4,"column":15},"end":{"line":4,"column":16}},"loc":{"start":{"line":4,"column":26},"end":{"line":36,"column":1}},"line":4}},"branchMap":{},"s":{"0":1,"1":26},"f":{"0":26},"b":{},"_coverageSchema":"332fd63041d2c1bcb487cc26dd0d5f7d97098a6c","hash":"56b4280c947aebcfbbbc9da05cad6823f2143e04"}
,"/home/johnvoon/Concept/concept/src/components/MainNavbar.js": {"path":"/home/johnvoon/Concept/concept/src/components/MainNavbar.js","statementMap":{"0":{"start":{"line":8,"column":4},"end":{"line":8,"column":17}},"1":{"start":{"line":9,"column":4},"end":{"line":11,"column":6}},"2":{"start":{"line":15,"column":22},"end":{"line":15,"column":32}},"3":{"start":{"line":17,"column":4},"end":{"line":32,"column":7}},"4":{"start":{"line":18,"column":6},"end":{"line":31,"column":7}},"5":{"start":{"line":19,"column":25},"end":{"line":19,"column":32}},"6":{"start":{"line":20,"column":21},"end":{"line":20,"column":28}},"7":{"start":{"line":22,"column":8},"end":{"line":28,"column":10}},"8":{"start":{"line":30,"column":8},"end":{"line":30,"column":20}},"9":{"start":{"line":36,"column":44},"end":{"line":36,"column":54}},"10":{"start":{"line":38,"column":4},"end":{"line":69,"column":6}},"11":{"start":{"line":73,"column":0},"end":{"line":77,"column":2}}},"fnMap":{"0":{"name":"(anonymous_0)","decl":{"start":{"line":7,"column":2},"end":{"line":7,"column":3}},"loc":{"start":{"line":7,"column":21},"end":{"line":12,"column":3}},"line":7},"1":{"name":"(anonymous_1)","decl":{"start":{"line":14,"column":2},"end":{"line":14,"column":3}},"loc":{"start":{"line":14,"column":16},"end":{"line":33,"column":3}},"line":14},"2":{"name":"(anonymous_2)","decl":{"start":{"line":17,"column":21},"end":{"line":17,"column":22}},"loc":{"start":{"line":17,"column":36},"end":{"line":32,"column":5}},"line":17},"3":{"name":"(anonymous_3)","decl":{"start":{"line":35,"column":2},"end":{"line":35,"column":3}},"loc":{"start":{"line":35,"column":11},"end":{"line":70,"column":3}},"line":35}},"branchMap":{"0":{"loc":{"start":{"line":18,"column":6},"end":{"line":31,"column":7}},"type":"if","locations":[{"start":{"line":18,"column":6},"end":{"line":31,"column":7}},{"start":{"line":18,"column":6},"end":{"line":31,"column":7}}],"line":18}},"s":{"0":0,"1":0,"2":0,"3":0,"4":0,"5":0,"6":0,"7":0,"8":0,"9":0,"10":0,"11":1},"f":{"0":0,"1":0,"2":0,"3":0},"b":{"0":[0,0]},"_coverageSchema":"332fd63041d2c1bcb487cc26dd0d5f7d97098a6c","hash":"53fccf7be9681f7df187d0b02b95c66a83a16462"}
,"/home/johnvoon/Concept/concept/src/components/NavLink.js": {"path":"/home/johnvoon/Concept/concept/src/components/NavLink.js","statementMap":{"0":{"start":{"line":7,"column":46},"end":{"line":7,"column":56}},"1":{"start":{"line":8,"column":21},"end":{"line":8,"column":48}},"2":{"start":{"line":10,"column":4},"end":{"line":20,"column":6}},"3":{"start":{"line":24,"column":0},"end":{"line":29,"column":2}}},"fnMap":{"0":{"name":"(anonymous_0)","decl":{"start":{"line":6,"column":2},"end":{"line":6,"column":3}},"loc":{"start":{"line":6,"column":11},"end":{"line":21,"column":3}},"line":6}},"branchMap":{"0":{"loc":{"start":{"line":12,"column":9},"end":{"line":18,"column":9}},"type":"cond-expr","locations":[{"start":{"line":13,"column":10},"end":{"line":15,"column":22}},{"start":{"line":17,"column":10},"end":{"line":17,"column":43}}],"line":12}},"s":{"0":0,"1":0,"2":0,"3":1},"f":{"0":0},"b":{"0":[0,0]},"_coverageSchema":"332fd63041d2c1bcb487cc26dd0d5f7d97098a6c","hash":"ab3cc87ab4bb21ea4386af022721bae8aaadb47c"}
,"/home/johnvoon/Concept/concept/src/components/PostCard.js": {"path":"/home/johnvoon/Concept/concept/src/components/PostCard.js","statementMap":{"0":{"start":{"line":9,"column":4},"end":{"line":9,"column":17}},"1":{"start":{"line":10,"column":4},"end":{"line":12,"column":6}},"2":{"start":{"line":14,"column":4},"end":{"line":14,"column":51}},"3":{"start":{"line":18,"column":4},"end":{"line":20,"column":7}},"4":{"start":{"line":24,"column":21},"end":{"line":24,"column":31}},"5":{"start":{"line":25,"column":24},"end":{"line":25,"column":94}},"6":{"start":{"line":27,"column":4},"end":{"line":58,"column":6}},"7":{"start":{"line":62,"column":0},"end":{"line":64,"column":2}}},"fnMap":{"0":{"name":"(anonymous_0)","decl":{"start":{"line":8,"column":2},"end":{"line":8,"column":3}},"loc":{"start":{"line":8,"column":21},"end":{"line":15,"column":3}},"line":8},"1":{"name":"(anonymous_1)","decl":{"start":{"line":17,"column":2},"end":{"line":17,"column":3}},"loc":{"start":{"line":17,"column":16},"end":{"line":21,"column":3}},"line":17},"2":{"name":"(anonymous_2)","decl":{"start":{"line":23,"column":2},"end":{"line":23,"column":3}},"loc":{"start":{"line":23,"column":11},"end":{"line":59,"column":3}},"line":23}},"branchMap":{"0":{"loc":{"start":{"line":29,"column":29},"end":{"line":29,"column":61}},"type":"cond-expr","locations":[{"start":{"line":29,"column":56},"end":{"line":29,"column":57}},{"start":{"line":29,"column":60},"end":{"line":29,"column":61}}],"line":29}},"s":{"0":70,"1":70,"2":70,"3":70,"4":195,"5":195,"6":195,"7":1},"f":{"0":70,"1":70,"2":195},"b":{"0":[70,125]},"_coverageSchema":"332fd63041d2c1bcb487cc26dd0d5f7d97098a6c","hash":"12ba7ef60f83faabedf6079cb6f0610bd2e1fba2"}
,"/home/johnvoon/Concept/concept/src/components/SearchField.js": {"path":"/home/johnvoon/Concept/concept/src/components/SearchField.js","statementMap":{"0":{"start":{"line":3,"column":20},"end":{"line":17,"column":1}},"1":{"start":{"line":4,"column":2},"end":{"line":16,"column":4}},"2":{"start":{"line":19,"column":0},"end":{"line":23,"column":2}}},"fnMap":{"0":{"name":"(anonymous_0)","decl":{"start":{"line":3,"column":20},"end":{"line":3,"column":21}},"loc":{"start":{"line":3,"column":65},"end":{"line":17,"column":1}},"line":3}},"branchMap":{},"s":{"0":1,"1":25,"2":1},"f":{"0":25},"b":{},"_coverageSchema":"332fd63041d2c1bcb487cc26dd0d5f7d97098a6c","hash":"3d205cc5f2c37c26ec305e91364f8bdb4c361c39"}
,"/home/johnvoon/Concept/concept/src/components/Sidebar.js": {"path":"/home/johnvoon/Concept/concept/src/components/Sidebar.js","statementMap":{"0":{"start":{"line":6,"column":34},"end":{"line":6,"column":44}},"1":{"start":{"line":8,"column":4},"end":{"line":23,"column":7}},"2":{"start":{"line":9,"column":6},"end":{"line":22,"column":25}},"3":{"start":{"line":10,"column":25},"end":{"line":10,"column":32}},"4":{"start":{"line":11,"column":21},"end":{"line":11,"column":28}},"5":{"start":{"line":13,"column":8},"end":{"line":21,"column":10}},"6":{"start":{"line":22,"column":13},"end":{"line":22,"column":25}},"7":{"start":{"line":27,"column":4},"end":{"line":38,"column":6}},"8":{"start":{"line":42,"column":0},"end":{"line":45,"column":2}}},"fnMap":{"0":{"name":"(anonymous_0)","decl":{"start":{"line":5,"column":2},"end":{"line":5,"column":3}},"loc":{"start":{"line":5,"column":16},"end":{"line":24,"column":3}},"line":5},"1":{"name":"(anonymous_1)","decl":{"start":{"line":8,"column":21},"end":{"line":8,"column":22}},"loc":{"start":{"line":8,"column":36},"end":{"line":23,"column":5}},"line":8},"2":{"name":"(anonymous_2)","decl":{"start":{"line":26,"column":2},"end":{"line":26,"column":3}},"loc":{"start":{"line":26,"column":11},"end":{"line":39,"column":3}},"line":26}},"branchMap":{"0":{"loc":{"start":{"line":9,"column":6},"end":{"line":22,"column":25}},"type":"if","locations":[{"start":{"line":9,"column":6},"end":{"line":22,"column":25}},{"start":{"line":9,"column":6},"end":{"line":22,"column":25}}],"line":9}},"s":{"0":0,"1":0,"2":0,"3":0,"4":0,"5":0,"6":0,"7":0,"8":1},"f":{"0":0,"1":0,"2":0},"b":{"0":[0,0]},"_coverageSchema":"332fd63041d2c1bcb487cc26dd0d5f7d97098a6c","hash":"11f76cbd57b3a6e458415aba3f119f4b29fd16b4"}
,"/home/johnvoon/Concept/concept/src/constants/Schemas.js": {"path":"/home/johnvoon/Concept/concept/src/constants/Schemas.js","statementMap":{"0":{"start":{"line":3,"column":21},"end":{"line":3,"column":48}},"1":{"start":{"line":4,"column":13},"end":{"line":4,"column":32}},"2":{"start":{"line":5,"column":16},"end":{"line":5,"column":38}},"3":{"start":{"line":6,"column":13},"end":{"line":6,"column":32}},"4":{"start":{"line":7,"column":14},"end":{"line":7,"column":33}},"5":{"start":{"line":8,"column":18},"end":{"line":8,"column":68}},"6":{"start":{"line":9,"column":15},"end":{"line":9,"column":36}},"7":{"start":{"line":10,"column":19},"end":{"line":10,"column":70}},"8":{"start":{"line":11,"column":15},"end":{"line":11,"column":36}},"9":{"start":{"line":12,"column":20},"end":{"line":12,"column":45}},"10":{"start":{"line":14,"column":34},"end":{"line":14,"column":46}},"11":{"start":{"line":15,"column":26},"end":{"line":15,"column":30}},"12":{"start":{"line":16,"column":29},"end":{"line":16,"column":36}},"13":{"start":{"line":17,"column":26},"end":{"line":17,"column":30}},"14":{"start":{"line":18,"column":27},"end":{"line":18,"column":32}},"15":{"start":{"line":19,"column":31},"end":{"line":19,"column":40}},"16":{"start":{"line":20,"column":28},"end":{"line":20,"column":34}},"17":{"start":{"line":21,"column":32},"end":{"line":21,"column":42}},"18":{"start":{"line":22,"column":28},"end":{"line":22,"column":34}},"19":{"start":{"line":23,"column":33},"end":{"line":23,"column":44}}},"fnMap":{},"branchMap":{},"s":{"0":8,"1":8,"2":8,"3":8,"4":8,"5":8,"6":8,"7":8,"8":8,"9":8,"10":8,"11":8,"12":8,"13":8,"14":8,"15":8,"16":8,"17":8,"18":8,"19":8},"f":{},"b":{},"_coverageSchema":"332fd63041d2c1bcb487cc26dd0d5f7d97098a6c","hash":"8be393de5dbd107551fa9cd4c68620364f328f69"}
,"/home/johnvoon/Concept/concept/src/constants/actionTypes.js": {"path":"/home/johnvoon/Concept/concept/src/constants/actionTypes.js","statementMap":{"0":{"start":{"line":2,"column":30},"end":{"line":2,"column":46}},"1":{"start":{"line":3,"column":28},"end":{"line":3,"column":42}},"2":{"start":{"line":6,"column":35},"end":{"line":6,"column":56}},"3":{"start":{"line":7,"column":26},"end":{"line":7,"column":38}},"4":{"start":{"line":8,"column":26},"end":{"line":8,"column":38}},"5":{"start":{"line":11,"column":28},"end":{"line":11,"column":42}},"6":{"start":{"line":14,"column":28},"end":{"line":14,"column":42}},"7":{"start":{"line":15,"column":27},"end":{"line":15,"column":40}},"8":{"start":{"line":18,"column":34},"end":{"line":18,"column":54}},"9":{"start":{"line":21,"column":30},"end":{"line":21,"column":46}},"10":{"start":{"line":22,"column":28},"end":{"line":22,"column":42}},"11":{"start":{"line":23,"column":29},"end":{"line":23,"column":44}},"12":{"start":{"line":24,"column":30},"end":{"line":24,"column":46}},"13":{"start":{"line":25,"column":42},"end":{"line":25,"column":70}},"14":{"start":{"line":26,"column":25},"end":{"line":26,"column":36}},"15":{"start":{"line":27,"column":34},"end":{"line":27,"column":54}},"16":{"start":{"line":28,"column":34},"end":{"line":28,"column":54}},"17":{"start":{"line":29,"column":38},"end":{"line":29,"column":62}},"18":{"start":{"line":30,"column":38},"end":{"line":30,"column":62}},"19":{"start":{"line":31,"column":30},"end":{"line":31,"column":46}},"20":{"start":{"line":32,"column":33},"end":{"line":32,"column":52}},"21":{"start":{"line":33,"column":34},"end":{"line":33,"column":54}},"22":{"start":{"line":34,"column":26},"end":{"line":34,"column":38}},"23":{"start":{"line":35,"column":26},"end":{"line":35,"column":38}},"24":{"start":{"line":36,"column":27},"end":{"line":36,"column":40}},"25":{"start":{"line":39,"column":31},"end":{"line":39,"column":48}},"26":{"start":{"line":40,"column":29},"end":{"line":40,"column":44}},"27":{"start":{"line":41,"column":31},"end":{"line":41,"column":48}},"28":{"start":{"line":44,"column":37},"end":{"line":44,"column":60}},"29":{"start":{"line":45,"column":36},"end":{"line":45,"column":58}},"30":{"start":{"line":48,"column":36},"end":{"line":48,"column":58}},"31":{"start":{"line":51,"column":30},"end":{"line":51,"column":46}},"32":{"start":{"line":52,"column":28},"end":{"line":52,"column":42}},"33":{"start":{"line":53,"column":29},"end":{"line":53,"column":44}},"34":{"start":{"line":56,"column":28},"end":{"line":56,"column":42}},"35":{"start":{"line":57,"column":34},"end":{"line":57,"column":54}},"36":{"start":{"line":58,"column":27},"end":{"line":58,"column":40}},"37":{"start":{"line":59,"column":32},"end":{"line":59,"column":50}},"38":{"start":{"line":60,"column":28},"end":{"line":60,"column":42}},"39":{"start":{"line":61,"column":33},"end":{"line":61,"column":52}},"40":{"start":{"line":64,"column":30},"end":{"line":64,"column":46}},"41":{"start":{"line":65,"column":35},"end":{"line":65,"column":56}},"42":{"start":{"line":66,"column":28},"end":{"line":66,"column":42}},"43":{"start":{"line":67,"column":33},"end":{"line":67,"column":52}},"44":{"start":{"line":68,"column":29},"end":{"line":68,"column":44}},"45":{"start":{"line":69,"column":34},"end":{"line":69,"column":54}},"46":{"start":{"line":72,"column":30},"end":{"line":72,"column":46}},"47":{"start":{"line":73,"column":26},"end":{"line":73,"column":38}},"48":{"start":{"line":74,"column":30},"end":{"line":74,"column":46}},"49":{"start":{"line":75,"column":32},"end":{"line":75,"column":50}},"50":{"start":{"line":76,"column":39},"end":{"line":76,"column":58}},"51":{"start":{"line":77,"column":25},"end":{"line":77,"column":36}}},"fnMap":{},"branchMap":{},"s":{"0":11,"1":11,"2":11,"3":11,"4":11,"5":11,"6":11,"7":11,"8":11,"9":11,"10":11,"11":11,"12":11,"13":11,"14":11,"15":11,"16":11,"17":11,"18":11,"19":11,"20":11,"21":11,"22":11,"23":11,"24":11,"25":11,"26":11,"27":11,"28":11,"29":11,"30":11,"31":11,"32":11,"33":11,"34":11,"35":11,"36":11,"37":11,"38":11,"39":11,"40":11,"41":11,"42":11,"43":11,"44":11,"45":11,"46":11,"47":11,"48":11,"49":11,"50":11,"51":11},"f":{},"b":{},"_coverageSchema":"332fd63041d2c1bcb487cc26dd0d5f7d97098a6c","hash":"fa06cfbc64c2b26d47276190cfa3fdf791a8acb9"}
,"/home/johnvoon/Concept/concept/src/testData/posts.js": {"path":"/home/johnvoon/Concept/concept/src/testData/posts.js","statementMap":{"0":{"start":{"line":1,"column":21},"end":{"line":362,"column":1}}},"fnMap":{},"branchMap":{},"s":{"0":3},"f":{},"b":{},"_coverageSchema":"332fd63041d2c1bcb487cc26dd0d5f7d97098a6c","hash":"d0b35784b6097f4957c7f6a72e3cf5436c4e46f7"}
,"/home/johnvoon/Concept/concept/src/testData/practiceAreas.js": {"path":"/home/johnvoon/Concept/concept/src/testData/practiceAreas.js","statementMap":{"0":{"start":{"line":1,"column":29},"end":{"line":534,"column":1}}},"fnMap":{},"branchMap":{},"s":{"0":1},"f":{},"b":{},"_coverageSchema":"332fd63041d2c1bcb487cc26dd0d5f7d97098a6c","hash":"71456fa58f944c457fc3c1264bb1045cba42bbb9"}
,"/home/johnvoon/Concept/concept/src/testData/staff.js": {"path":"/home/johnvoon/Concept/concept/src/testData/staff.js","statementMap":{"0":{"start":{"line":3,"column":21},"end":{"line":864,"column":1}}},"fnMap":{},"branchMap":{},"s":{"0":1},"f":{},"b":{},"_coverageSchema":"332fd63041d2c1bcb487cc26dd0d5f7d97098a6c","hash":"8e92ff87a637784726448d5fb566ad92e3134c72"}
}
