TN:
SF:/home/johnvoon/Concept/concept/src/mockStore.js
FN:4,configureStore
FNF:1
FNH:1
FNDA:1,configureStore
DA:5,1
LF:1
LH:1
BRF:0
BRH:0
end_of_record
TN:
SF:/home/johnvoon/Concept/concept/src/utils.js
FN:8,normalizeResponseData
FN:18,createOptionsList
FN:19,(anonymous_2)
FN:26,sortPosts
FN:28,(anonymous_4)
FN:32,(anonymous_5)
FN:40,sort
FN:41,(anonymous_7)
FN:54,sortByDate
FN:55,(anonymous_9)
FN:66,filter
FN:68,(anonymous_11)
FN:70,(anonymous_12)
FN:78,slugify
FN:82,camelize
FN:83,(anonymous_15)
FN:90,(anonymous_16)
FN:93,(anonymous_17)
FN:96,(anonymous_18)
FN:96,(anonymous_19)
FN:99,(anonymous_20)
FN:102,(anonymous_21)
FN:106,(anonymous_22)
FN:110,(anonymous_23)
FN:110,(anonymous_24)
FN:113,(anonymous_25)
FN:116,(anonymous_26)
FN:117,(anonymous_27)
FN:120,(anonymous_28)
FN:136,(anonymous_29)
FN:139,(anonymous_30)
FN:140,(anonymous_31)
FNF:32
FNH:9
FNDA:28,normalizeResponseData
FNDA:1,createOptionsList
FNDA:4,(anonymous_2)
FNDA:9,sortPosts
FNDA:71,(anonymous_4)
FNDA:9,(anonymous_5)
FNDA:0,sort
FNDA:0,(anonymous_7)
FNDA:0,sortByDate
FNDA:0,(anonymous_9)
FNDA:2,filter
FNDA:11,(anonymous_11)
FNDA:11,(anonymous_12)
FNDA:0,slugify
FNDA:0,camelize
FNDA:0,(anonymous_15)
FNDA:0,(anonymous_16)
FNDA:0,(anonymous_17)
FNDA:0,(anonymous_18)
FNDA:0,(anonymous_19)
FNDA:0,(anonymous_20)
FNDA:0,(anonymous_21)
FNDA:0,(anonymous_22)
FNDA:0,(anonymous_23)
FNDA:0,(anonymous_24)
FNDA:0,(anonymous_25)
FNDA:0,(anonymous_26)
FNDA:0,(anonymous_27)
FNDA:0,(anonymous_28)
FNDA:0,(anonymous_29)
FNDA:0,(anonymous_30)
FNDA:0,(anonymous_31)
DA:9,28
DA:10,21
DA:12,7
DA:19,1
DA:20,4
DA:27,9
DA:28,7
DA:29,71
DA:32,2
DA:33,9
DA:34,9
DA:35,9
DA:41,0
DA:42,0
DA:43,0
DA:44,0
DA:45,0
DA:47,0
DA:48,0
DA:49,0
DA:55,0
DA:56,0
DA:57,0
DA:59,0
DA:67,2
DA:68,2
DA:69,11
DA:70,11
DA:71,11
DA:79,0
DA:83,0
DA:84,0
DA:90,6
DA:91,0
DA:93,6
DA:94,0
DA:96,6
DA:97,0
DA:99,6
DA:100,0
DA:102,6
DA:103,0
DA:106,6
DA:107,0
DA:110,6
DA:111,0
DA:113,6
DA:114,0
DA:116,0
DA:118,0
DA:119,0
DA:121,0
DA:122,0
DA:125,0
DA:127,0
DA:129,0
DA:131,0
DA:136,6
DA:137,0
DA:139,0
DA:141,0
DA:142,0
DA:144,0
LF:63
LH:26
BRDA:9,0,0,21
BRDA:9,0,1,7
BRDA:26,1,0,0
BRDA:27,2,0,7
BRDA:27,2,1,2
BRDA:33,3,0,0
BRDA:33,3,1,9
BRDA:34,4,0,0
BRDA:34,4,1,9
BRDA:42,5,0,0
BRDA:42,5,1,0
BRDA:43,6,0,0
BRDA:43,6,1,0
BRDA:44,7,0,0
BRDA:44,7,1,0
BRDA:47,8,0,0
BRDA:47,8,1,0
BRDA:48,9,0,0
BRDA:48,9,1,0
BRDA:56,10,0,0
BRDA:56,10,1,0
BRDA:84,11,0,0
BRDA:84,11,1,0
BRDA:91,12,0,0
BRDA:91,12,1,0
BRDA:94,13,0,0
BRDA:94,13,1,0
BRDA:97,14,0,0
BRDA:97,14,1,0
BRDA:97,15,0,0
BRDA:97,15,1,0
BRDA:100,16,0,0
BRDA:100,16,1,0
BRDA:100,17,0,0
BRDA:100,17,1,0
BRDA:103,18,0,0
BRDA:103,18,1,0
BRDA:103,19,0,0
BRDA:103,19,1,0
BRDA:107,20,0,0
BRDA:107,20,1,0
BRDA:107,21,0,0
BRDA:107,21,1,0
BRDA:111,22,0,0
BRDA:111,22,1,0
BRDA:111,23,0,0
BRDA:111,23,1,0
BRDA:119,24,0,0
BRDA:119,24,1,0
BRDA:119,25,0,0
BRDA:119,25,1,0
BRDA:125,26,0,0
BRDA:125,26,1,0
BRDA:125,27,0,0
BRDA:125,27,1,0
BRDA:129,28,0,0
BRDA:129,28,1,0
BRDA:129,29,0,0
BRDA:129,29,1,0
BRDA:142,30,0,0
BRDA:142,30,1,0
BRDA:142,31,0,0
BRDA:142,31,1,0
BRF:63
BRH:6
end_of_record
TN:
SF:/home/johnvoon/Concept/concept/src/Admin/actions.js
FN:19,changePageLength
FN:26,changePageNumber
FN:33,changeSelectedRecord
FN:40,changeAdminOperation
FN:47,sortData
FN:54,filterAdminData
FN:61,recordsLoaded
FN:69,recordAdded
FN:78,recordEdited
FN:87,recordDeleted
FN:96,commentVisibilityChanged
FN:104,loadFormData
FN:111,showModal
FN:117,hideModal
FN:123,resetState
FNF:15
FNH:4
FNDA:0,changePageLength
FNDA:0,changePageNumber
FNDA:0,changeSelectedRecord
FNDA:0,changeAdminOperation
FNDA:0,sortData
FNDA:0,filterAdminData
FNDA:2,recordsLoaded
FNDA:2,recordAdded
FNDA:2,recordEdited
FNDA:2,recordDeleted
FNDA:0,commentVisibilityChanged
FNDA:0,loadFormData
FNDA:0,showModal
FNDA:0,hideModal
FNDA:0,resetState
DA:20,0
DA:27,0
DA:34,0
DA:41,0
DA:48,0
DA:55,0
DA:62,2
DA:70,2
DA:79,2
DA:88,2
DA:97,0
DA:105,0
DA:112,0
DA:118,0
DA:124,0
LF:15
LH:4
BRF:0
BRH:0
end_of_record
TN:
SF:/home/johnvoon/Concept/concept/src/App/actions.js
FN:3,toggleSidebar
FN:9,hideSidebar
FNF:2
FNH:2
FNDA:4,toggleSidebar
FNDA:4,hideSidebar
DA:4,4
DA:10,4
LF:2
LH:2
BRF:0
BRH:0
end_of_record
TN:
SF:/home/johnvoon/Concept/concept/src/App/index.js
FN:11,(anonymous_0)
FN:20,(anonymous_1)
FN:21,(anonymous_2)
FN:25,(anonymous_3)
FN:29,(anonymous_4)
FN:35,(anonymous_5)
FN:39,(anonymous_6)
FN:43,(anonymous_7)
FNF:8
FNH:4
FNDA:0,(anonymous_0)
FNDA:6,(anonymous_1)
FNDA:1,(anonymous_2)
FNDA:1,(anonymous_3)
FNDA:1,(anonymous_4)
FNDA:0,(anonymous_5)
FNDA:0,(anonymous_6)
FNDA:0,(anonymous_7)
DA:11,1
DA:12,0
DA:13,0
DA:20,6
DA:22,1
DA:26,1
DA:30,1
DA:36,0
DA:40,0
DA:45,0
DA:46,0
DA:54,0
DA:80,1
LF:13
LH:6
BRDA:50,0,0,0
BRDA:50,0,1,0
BRDA:51,1,0,0
BRDA:51,1,1,0
BRDA:68,2,0,0
BRDA:68,2,1,0
BRF:6
BRH:0
end_of_record
TN:
SF:/home/johnvoon/Concept/concept/src/App/reducer.js
FN:7,appReducer
FN:19,toggleSidebar
FN:28,hideSidebar
FNF:3
FNH:3
FNDA:3,appReducer
FNDA:1,toggleSidebar
FNDA:1,hideSidebar
DA:3,1
DA:8,3
DA:10,1
DA:13,1
DA:16,1
DA:20,1
DA:22,1
DA:29,1
LF:8
LH:8
BRDA:7,0,0,1
BRDA:8,1,0,1
BRDA:8,1,1,1
BRDA:24,2,0,0
BRDA:24,2,1,1
BRF:5
BRH:4
end_of_record
TN:
SF:/home/johnvoon/Concept/concept/src/Authentication/actions.js
FN:6,getJWT
FN:7,(anonymous_1)
FN:12,(anonymous_2)
FN:17,fetchCurrentUser
FN:18,(anonymous_4)
FN:20,(anonymous_5)
FN:28,loginUser
FN:29,(anonymous_7)
FN:37,logoutUser
FN:38,(anonymous_9)
FN:43,currentUserLoaded
FN:50,JWTLoaded
FN:57,removeJWT
FNF:13
FNH:0
FNDA:0,getJWT
FNDA:0,(anonymous_1)
FNDA:0,(anonymous_2)
FNDA:0,fetchCurrentUser
FNDA:0,(anonymous_4)
FNDA:0,(anonymous_5)
FNDA:0,loginUser
FNDA:0,(anonymous_7)
FNDA:0,logoutUser
FNDA:0,(anonymous_9)
FNDA:0,currentUserLoaded
FNDA:0,JWTLoaded
FNDA:0,removeJWT
DA:7,0
DA:8,0
DA:13,0
DA:18,0
DA:19,0
DA:21,0
DA:29,0
DA:30,0
DA:38,0
DA:39,0
DA:44,0
DA:51,0
DA:58,0
LF:13
LH:0
BRF:0
BRH:0
end_of_record
TN:
SF:/home/johnvoon/Concept/concept/src/BlogHome/actions.js
FN:10,showAllPosts
FN:16,sortPosts
FN:23,filterPostsByKeyword
FN:30,filterByArea
FN:37,filterByAuthor
FN:44,loadMore
FNF:6
FNH:6
FNDA:4,showAllPosts
FNDA:4,sortPosts
FNDA:4,filterPostsByKeyword
FNDA:4,filterByArea
FNDA:4,filterByAuthor
FNDA:5,loadMore
DA:11,4
DA:17,4
DA:24,4
DA:31,4
DA:38,4
DA:45,5
LF:6
LH:6
BRF:0
BRH:0
end_of_record
TN:
SF:/home/johnvoon/Concept/concept/src/BlogHome/index.js
FN:23,(anonymous_0)
FN:34,(anonymous_1)
FN:35,(anonymous_2)
FN:39,(anonymous_3)
FN:43,(anonymous_4)
FN:47,(anonymous_5)
FN:51,(anonymous_6)
FN:55,(anonymous_7)
FN:59,(anonymous_8)
FN:63,(anonymous_9)
FN:67,(anonymous_10)
FN:73,(anonymous_11)
FN:86,(anonymous_12)
FN:95,(anonymous_13)
FN:101,(anonymous_14)
FN:107,(anonymous_15)
FN:113,(anonymous_16)
FN:125,(anonymous_17)
FN:137,(anonymous_18)
FN:149,(anonymous_19)
FN:161,(anonymous_20)
FN:168,(anonymous_21)
FN:176,(anonymous_22)
FN:181,(anonymous_23)
FN:185,(anonymous_24)
FN:190,(anonymous_25)
FN:194,(anonymous_26)
FN:201,(anonymous_27)
FN:206,(anonymous_28)
FN:212,(anonymous_29)
FN:265,(anonymous_30)
FN:273,(anonymous_31)
FNF:32
FNH:31
FNDA:0,(anonymous_0)
FNDA:18,(anonymous_1)
FNDA:1,(anonymous_2)
FNDA:1,(anonymous_3)
FNDA:1,(anonymous_4)
FNDA:1,(anonymous_5)
FNDA:1,(anonymous_6)
FNDA:1,(anonymous_7)
FNDA:1,(anonymous_8)
FNDA:1,(anonymous_9)
FNDA:1,(anonymous_10)
FNDA:15,(anonymous_11)
FNDA:15,(anonymous_12)
FNDA:1,(anonymous_13)
FNDA:1,(anonymous_14)
FNDA:1,(anonymous_15)
FNDA:2,(anonymous_16)
FNDA:1,(anonymous_17)
FNDA:1,(anonymous_18)
FNDA:1,(anonymous_19)
FNDA:26,(anonymous_20)
FNDA:125,(anonymous_21)
FNDA:50,(anonymous_22)
FNDA:2,(anonymous_23)
FNDA:78,(anonymous_24)
FNDA:1,(anonymous_25)
FNDA:100,(anonymous_26)
FNDA:1,(anonymous_27)
FNDA:575,(anonymous_28)
FNDA:1,(anonymous_29)
FNDA:36,(anonymous_30)
FNDA:25,(anonymous_31)
DA:23,1
DA:24,0
DA:26,0
DA:34,18
DA:36,1
DA:40,1
DA:44,1
DA:48,1
DA:52,1
DA:56,1
DA:60,1
DA:64,1
DA:68,1
DA:74,15
DA:75,15
DA:81,15
DA:82,15
DA:83,15
DA:88,15
DA:90,15
DA:91,15
DA:92,15
DA:96,1
DA:102,1
DA:108,1
DA:114,2
DA:116,2
DA:117,2
DA:118,2
DA:126,1
DA:128,1
DA:129,1
DA:130,1
DA:138,1
DA:140,1
DA:141,1
DA:142,1
DA:150,1
DA:152,1
DA:153,1
DA:154,1
DA:164,26
DA:165,26
DA:167,26
DA:168,26
DA:169,125
DA:176,26
DA:177,50
DA:181,2
DA:185,26
DA:186,78
DA:190,1
DA:194,26
DA:195,100
DA:196,100
DA:201,1
DA:206,26
DA:207,575
DA:212,1
DA:216,26
DA:265,36
DA:273,25
DA:288,1
LF:63
LH:61
BRDA:97,0,0,0
BRDA:97,0,1,1
BRDA:103,1,0,0
BRDA:103,1,1,1
BRDA:109,2,0,0
BRDA:109,2,1,1
BRDA:195,3,0,100
BRDA:195,3,1,0
BRDA:237,4,0,25
BRDA:237,4,1,1
BRDA:267,5,0,0
BRDA:267,5,1,25
BRDA:268,6,0,0
BRDA:268,6,1,25
BRDA:269,7,0,0
BRDA:269,7,1,25
BRDA:273,8,0,25
BRDA:273,8,1,25
BRF:18
BRH:11
end_of_record
TN:
SF:/home/johnvoon/Concept/concept/src/BlogHome/reducer.js
FN:18,blogHomeReducer
FN:39,postsLoaded
FN:47,sortPosts
FN:54,filterPostsByKeyword
FN:64,showAllPosts
FN:74,filterByArea
FN:84,filterByAuthor
FN:94,loadMore
FNF:8
FNH:8
FNDA:9,blogHomeReducer
FNDA:1,postsLoaded
FNDA:1,sortPosts
FNDA:1,filterPostsByKeyword
FNDA:1,showAllPosts
FNDA:1,filterByArea
FNDA:1,filterByAuthor
FNDA:2,loadMore
DA:9,1
DA:19,9
DA:21,1
DA:23,1
DA:25,1
DA:27,1
DA:29,1
DA:31,1
DA:33,2
DA:36,1
DA:40,1
DA:48,1
DA:55,1
DA:65,1
DA:75,1
DA:85,1
DA:95,2
DA:96,2
DA:97,1
DA:104,1
LF:20
LH:20
BRDA:18,0,0,1
BRDA:19,1,0,1
BRDA:19,1,1,1
BRDA:19,1,2,1
BRDA:19,1,3,1
BRDA:19,1,4,1
BRDA:19,1,5,1
BRDA:19,1,6,2
BRDA:96,2,0,1
BRDA:96,2,1,1
BRF:10
BRH:10
end_of_record
TN:
SF:/home/johnvoon/Concept/concept/src/BlogHome/selectors.js
FN:5,(anonymous_0)
FN:8,(anonymous_1)
FN:13,(anonymous_2)
FN:18,(anonymous_3)
FN:23,(anonymous_4)
FN:28,(anonymous_5)
FN:33,(anonymous_6)
FN:38,(anonymous_7)
FN:50,(anonymous_8)
FN:55,(anonymous_9)
FN:63,(anonymous_10)
FNF:11
FNH:11
FNDA:28,(anonymous_0)
FNDA:6,(anonymous_1)
FNDA:6,(anonymous_2)
FNDA:6,(anonymous_3)
FNDA:6,(anonymous_4)
FNDA:6,(anonymous_5)
FNDA:2,(anonymous_6)
FNDA:5,(anonymous_7)
FNDA:10,(anonymous_8)
FNDA:10,(anonymous_9)
FNDA:1,(anonymous_10)
DA:5,2
DA:6,28
DA:8,2
DA:9,6
DA:11,2
DA:13,6
DA:16,2
DA:18,6
DA:21,2
DA:23,6
DA:26,2
DA:28,6
DA:31,2
DA:33,2
DA:36,2
DA:39,5
DA:40,2
DA:41,3
DA:42,1
DA:47,2
DA:48,1
DA:50,10
DA:52,1
DA:53,1
DA:55,10
DA:61,2
DA:64,1
LF:27
LH:27
BRDA:39,0,0,2
BRDA:39,0,1,3
BRDA:41,1,0,1
BRDA:41,1,1,2
BRDA:47,2,0,1
BRDA:47,2,1,1
BRDA:52,3,0,1
BRDA:52,3,1,0
BRF:8
BRH:7
end_of_record
TN:
SF:/home/johnvoon/Concept/concept/src/Entities/PostsActions.js
FN:11,fetchPosts
FN:12,(anonymous_1)
FN:14,(anonymous_2)
FN:32,fetchPost
FN:33,(anonymous_4)
FN:35,(anonymous_5)
FN:46,addPost
FN:47,(anonymous_7)
FN:53,(anonymous_8)
FN:64,editPost
FN:65,(anonymous_10)
FN:71,(anonymous_11)
FN:82,deletePost
FN:83,(anonymous_13)
FN:88,(anonymous_14)
FN:100,fetchRelatedPosts
FN:101,(anonymous_16)
FN:104,(anonymous_17)
FN:105,(anonymous_18)
FN:117,postsLoaded
FN:125,postLoaded
FNF:21
FNH:21
FNDA:2,fetchPosts
FNDA:2,(anonymous_1)
FNDA:2,(anonymous_2)
FNDA:1,fetchPost
FNDA:1,(anonymous_4)
FNDA:1,(anonymous_5)
FNDA:1,addPost
FNDA:1,(anonymous_7)
FNDA:1,(anonymous_8)
FNDA:1,editPost
FNDA:1,(anonymous_10)
FNDA:1,(anonymous_11)
FNDA:1,deletePost
FNDA:1,(anonymous_13)
FNDA:1,(anonymous_14)
FNDA:1,fetchRelatedPosts
FNDA:1,(anonymous_16)
FNDA:1,(anonymous_17)
FNDA:2,(anonymous_18)
FNDA:6,postsLoaded
FNDA:3,postLoaded
DA:12,2
DA:13,2
DA:15,2
DA:17,2
DA:18,1
DA:23,1
DA:33,1
DA:34,1
DA:36,1
DA:38,1
DA:47,1
DA:48,1
DA:54,1
DA:56,1
DA:65,1
DA:66,1
DA:72,1
DA:73,1
DA:83,1
DA:84,1
DA:89,1
DA:91,1
DA:101,1
DA:102,1
DA:103,1
DA:105,1
DA:106,2
DA:108,1
DA:109,1
DA:118,6
DA:126,3
LF:31
LH:31
BRDA:11,0,0,1
BRDA:17,1,0,1
BRDA:17,1,1,1
BRDA:106,2,0,2
BRDA:106,2,1,2
BRF:5
BRH:5
end_of_record
TN:
SF:/home/johnvoon/Concept/concept/src/Entities/PracticeAreasActions.js
FN:10,fetchPracticeAreas
FN:11,(anonymous_1)
FN:13,(anonymous_2)
FN:34,fetchPracticeArea
FN:35,(anonymous_4)
FN:37,(anonymous_5)
FN:48,addPracticeArea
FN:49,(anonymous_7)
FN:55,(anonymous_8)
FN:67,editPracticeArea
FN:68,(anonymous_10)
FN:74,(anonymous_11)
FN:84,practiceAreasLoaded
FN:92,practiceAreaLoaded
FNF:14
FNH:0
FNDA:0,fetchPracticeAreas
FNDA:0,(anonymous_1)
FNDA:0,(anonymous_2)
FNDA:0,fetchPracticeArea
FNDA:0,(anonymous_4)
FNDA:0,(anonymous_5)
FNDA:0,addPracticeArea
FNDA:0,(anonymous_7)
FNDA:0,(anonymous_8)
FNDA:0,editPracticeArea
FNDA:0,(anonymous_10)
FNDA:0,(anonymous_11)
FNDA:0,practiceAreasLoaded
FNDA:0,practiceAreaLoaded
DA:11,0
DA:12,0
DA:14,0
DA:19,0
DA:20,0
DA:25,0
DA:35,0
DA:36,0
DA:38,0
DA:39,0
DA:49,0
DA:50,0
DA:56,0
DA:57,0
DA:68,0
DA:69,0
DA:75,0
DA:76,0
DA:85,0
DA:93,0
LF:20
LH:0
BRDA:10,0,0,0
BRDA:19,1,0,0
BRDA:19,1,1,0
BRF:3
BRH:0
end_of_record
TN:
SF:/home/johnvoon/Concept/concept/src/Entities/StaffActions.js
FN:12,fetchStaff
FN:13,(anonymous_1)
FN:15,(anonymous_2)
FN:24,addStaff
FN:25,(anonymous_4)
FN:32,(anonymous_5)
FN:42,editStaff
FN:43,(anonymous_7)
FN:50,(anonymous_8)
FN:60,staffLoaded
FN:67,staffUsersLoaded
FN:74,staffAdded
FN:81,staffUserAdded
FN:88,staffEdited
FN:95,staffUserEdited
FNF:15
FNH:0
FNDA:0,fetchStaff
FNDA:0,(anonymous_1)
FNDA:0,(anonymous_2)
FNDA:0,addStaff
FNDA:0,(anonymous_4)
FNDA:0,(anonymous_5)
FNDA:0,editStaff
FNDA:0,(anonymous_7)
FNDA:0,(anonymous_8)
FNDA:0,staffLoaded
FNDA:0,staffUsersLoaded
FNDA:0,staffAdded
FNDA:0,staffUserAdded
FNDA:0,staffEdited
FNDA:0,staffUserEdited
DA:13,0
DA:14,0
DA:16,0
DA:17,0
DA:18,0
DA:19,0
DA:25,0
DA:26,0
DA:33,0
DA:34,0
DA:35,0
DA:36,0
DA:43,0
DA:44,0
DA:51,0
DA:52,0
DA:53,0
DA:54,0
DA:61,0
DA:68,0
DA:75,0
DA:82,0
DA:89,0
DA:96,0
LF:24
LH:0
BRF:0
BRH:0
end_of_record
TN:
SF:/home/johnvoon/Concept/concept/src/components/DropdownMenu.js
FN:5,(anonymous_0)
FNF:1
FNH:1
FNDA:76,(anonymous_0)
DA:6,76
DA:8,76
DA:32,2
LF:3
LH:3
BRDA:20,0,0,11
BRDA:20,0,1,65
BRF:2
BRH:2
end_of_record
TN:
SF:/home/johnvoon/Concept/concept/src/components/FilterLink.js
FN:4,(anonymous_0)
FNF:1
FNH:1
FNDA:129,(anonymous_0)
DA:5,129
DA:7,129
DA:18,2
LF:3
LH:3
BRDA:12,0,0,117
BRDA:12,0,1,12
BRF:2
BRH:2
end_of_record
TN:
SF:/home/johnvoon/Concept/concept/src/components/Footer.js
FN:4,(anonymous_0)
FNF:1
FNH:1
FNDA:26,(anonymous_0)
DA:4,1
DA:5,26
LF:2
LH:2
BRF:0
BRH:0
end_of_record
TN:
SF:/home/johnvoon/Concept/concept/src/components/MainNavbar.js
FN:7,(anonymous_0)
FN:14,(anonymous_1)
FN:17,(anonymous_2)
FN:35,(anonymous_3)
FNF:4
FNH:0
FNDA:0,(anonymous_0)
FNDA:0,(anonymous_1)
FNDA:0,(anonymous_2)
FNDA:0,(anonymous_3)
DA:8,0
DA:9,0
DA:15,0
DA:17,0
DA:18,0
DA:19,0
DA:20,0
DA:22,0
DA:30,0
DA:36,0
DA:38,0
DA:73,1
LF:12
LH:1
BRDA:18,0,0,0
BRDA:18,0,1,0
BRF:2
BRH:0
end_of_record
TN:
SF:/home/johnvoon/Concept/concept/src/components/NavLink.js
FN:6,(anonymous_0)
FNF:1
FNH:0
FNDA:0,(anonymous_0)
DA:7,0
DA:8,0
DA:10,0
DA:24,1
LF:4
LH:1
BRDA:12,0,0,0
BRDA:12,0,1,0
BRF:2
BRH:0
end_of_record
TN:
SF:/home/johnvoon/Concept/concept/src/components/PostCard.js
FN:8,(anonymous_0)
FN:17,(anonymous_1)
FN:23,(anonymous_2)
FNF:3
FNH:3
FNDA:70,(anonymous_0)
FNDA:70,(anonymous_1)
FNDA:195,(anonymous_2)
DA:9,70
DA:10,70
DA:14,70
DA:18,70
DA:24,195
DA:25,195
DA:27,195
DA:62,1
LF:8
LH:8
BRDA:29,0,0,70
BRDA:29,0,1,125
BRF:2
BRH:2
end_of_record
TN:
SF:/home/johnvoon/Concept/concept/src/components/SearchField.js
FN:3,(anonymous_0)
FNF:1
FNH:1
FNDA:25,(anonymous_0)
DA:3,1
DA:4,25
DA:19,1
LF:3
LH:3
BRF:0
BRH:0
end_of_record
TN:
SF:/home/johnvoon/Concept/concept/src/components/Sidebar.js
FN:5,(anonymous_0)
FN:8,(anonymous_1)
FN:26,(anonymous_2)
FNF:3
FNH:0
FNDA:0,(anonymous_0)
FNDA:0,(anonymous_1)
FNDA:0,(anonymous_2)
DA:6,0
DA:8,0
DA:9,0
DA:10,0
DA:11,0
DA:13,0
DA:22,0
DA:27,0
DA:42,1
LF:9
LH:1
BRDA:9,0,0,0
BRDA:9,0,1,0
BRF:2
BRH:0
end_of_record
TN:
SF:/home/johnvoon/Concept/concept/src/constants/Schemas.js
FNF:0
FNH:0
DA:3,8
DA:4,8
DA:5,8
DA:6,8
DA:7,8
DA:8,8
DA:9,8
DA:10,8
DA:11,8
DA:12,8
DA:14,8
DA:15,8
DA:16,8
DA:17,8
DA:18,8
DA:19,8
DA:20,8
DA:21,8
DA:22,8
DA:23,8
LF:20
LH:20
BRF:0
BRH:0
end_of_record
TN:
SF:/home/johnvoon/Concept/concept/src/constants/actionTypes.js
FNF:0
FNH:0
DA:2,11
DA:3,11
DA:6,11
DA:7,11
DA:8,11
DA:11,11
DA:14,11
DA:15,11
DA:18,11
DA:21,11
DA:22,11
DA:23,11
DA:24,11
DA:25,11
DA:26,11
DA:27,11
DA:28,11
DA:29,11
DA:30,11
DA:31,11
DA:32,11
DA:33,11
DA:34,11
DA:35,11
DA:36,11
DA:39,11
DA:40,11
DA:41,11
DA:44,11
DA:45,11
DA:48,11
DA:51,11
DA:52,11
DA:53,11
DA:56,11
DA:57,11
DA:58,11
DA:59,11
DA:60,11
DA:61,11
DA:64,11
DA:65,11
DA:66,11
DA:67,11
DA:68,11
DA:69,11
DA:72,11
DA:73,11
DA:74,11
DA:75,11
DA:76,11
DA:77,11
LF:52
LH:52
BRF:0
BRH:0
end_of_record
TN:
SF:/home/johnvoon/Concept/concept/src/testData/posts.js
FNF:0
FNH:0
DA:1,3
LF:1
LH:1
BRF:0
BRH:0
end_of_record
TN:
SF:/home/johnvoon/Concept/concept/src/testData/practiceAreas.js
FNF:0
FNH:0
DA:1,1
LF:1
LH:1
BRF:0
BRH:0
end_of_record
TN:
SF:/home/johnvoon/Concept/concept/src/testData/staff.js
FNF:0
FNH:0
DA:3,1
LF:1
LH:1
BRF:0
BRH:0
end_of_record
